03:26:54,649 [main] INFO  org.flowable.engine.impl.cfg.StandaloneProcessEngineConfiguration  - Found 2 Engine Configurators in total:
03:26:54,651 [main] INFO  org.flowable.engine.impl.cfg.StandaloneProcessEngineConfiguration  - class org.flowable.eventregistry.impl.configurator.EventRegistryEngineConfigurator (priority:100000)
03:26:54,651 [main] INFO  org.flowable.engine.impl.cfg.StandaloneProcessEngineConfiguration  - class org.flowable.idm.engine.configurator.IdmEngineConfigurator (priority:150000)
03:26:54,651 [main] INFO  org.flowable.engine.impl.cfg.StandaloneProcessEngineConfiguration  - Executing beforeInit() of class org.flowable.eventregistry.impl.configurator.EventRegistryEngineConfigurator (priority:100000)
03:26:54,674 [main] INFO  org.flowable.engine.impl.cfg.StandaloneProcessEngineConfiguration  - Executing beforeInit() of class org.flowable.idm.engine.configurator.IdmEngineConfigurator (priority:150000)
03:26:54,863 [main] DEBUG org.flowable.engine.impl.cfg.StandaloneProcessEngineConfiguration  - initializing datasource to db: jdbc:h2:mem:flowable;DB_CLOSE_DELAY=-1
03:26:54,863 [main] INFO  org.flowable.engine.impl.cfg.StandaloneProcessEngineConfiguration  - Configuring Datasource with following properties (omitted password for security)
03:26:54,863 [main] INFO  org.flowable.engine.impl.cfg.StandaloneProcessEngineConfiguration  - datasource driver : org.h2.Driver
03:26:54,863 [main] INFO  org.flowable.engine.impl.cfg.StandaloneProcessEngineConfiguration  - datasource url : jdbc:h2:mem:flowable;DB_CLOSE_DELAY=-1
03:26:54,863 [main] INFO  org.flowable.engine.impl.cfg.StandaloneProcessEngineConfiguration  - datasource user name : sa
03:26:54,869 [main] DEBUG org.apache.ibatis.logging.LogFactory  - Logging initialized using 'class org.apache.ibatis.logging.slf4j.Slf4jImpl' adapter.
03:26:54,869 [main] DEBUG org.apache.ibatis.datasource.pooled.PooledDataSource  - PooledDataSource forcefully closed/removed all connections.
03:26:54,869 [main] DEBUG org.apache.ibatis.datasource.pooled.PooledDataSource  - PooledDataSource forcefully closed/removed all connections.
03:26:55,091 [main] DEBUG org.apache.ibatis.datasource.pooled.PooledDataSource  - Created connection 1493042329.
03:26:55,093 [main] DEBUG org.flowable.engine.impl.cfg.StandaloneProcessEngineConfiguration  - database product name: 'H2'
03:26:55,093 [main] DEBUG org.flowable.engine.impl.cfg.StandaloneProcessEngineConfiguration  - using database type: h2
03:26:55,093 [main] DEBUG org.apache.ibatis.datasource.pooled.PooledDataSource  - Returned connection 1493042329 to pool.
03:26:56,027 [main] INFO  org.flowable.common.engine.impl.async.DefaultAsyncTaskExecutor  - Creating thread pool queue of size 2048
03:26:56,027 [main] INFO  org.flowable.common.engine.impl.async.DefaultAsyncTaskExecutor  - Creating thread factory with naming pattern flowable-async-job-executor-thread-%d
03:26:56,027 [main] INFO  org.flowable.common.engine.impl.async.DefaultAsyncTaskExecutor  - Creating executor service with corePoolSize 8, maxPoolSize 8 and keepAliveTime 5000
03:26:56,033 [main] INFO  org.flowable.engine.impl.cfg.StandaloneProcessEngineConfiguration  - Executing configure() of class org.flowable.eventregistry.impl.configurator.EventRegistryEngineConfigurator (priority:100000)
03:26:56,069 [main] DEBUG org.flowable.common.engine.impl.interceptor.LogInterceptor  - --- starting SchemaOperationsEventRegistryEngineBuild --------------------------------------------------------
03:26:56,073 [main] DEBUG org.apache.ibatis.transaction.jdbc.JdbcTransaction  - Opening JDBC Connection
03:26:56,073 [main] DEBUG org.apache.ibatis.datasource.pooled.PooledDataSource  - Checked out connection 1493042329 from pool.
03:26:56,073 [main] DEBUG org.apache.ibatis.transaction.jdbc.JdbcTransaction  - Setting autocommit to false on JDBC Connection [conn0: url=jdbc:h2:mem:flowable user=SA]
03:26:56,106 [main] INFO  org.flowable.common.engine.impl.db.CommonDbSchemaManager  - performing create on common with resource org/flowable/common/db/create/flowable.h2.create.common.sql
03:26:56,108 [main] DEBUG org.flowable.common.engine.impl.db.CommonDbSchemaManager  - SQL: create table ACT_GE_PROPERTY ( 
NAME_ varchar(64), 
VALUE_ varchar(300), 
REV_ integer, 
primary key (NAME_) 
)
03:26:56,114 [main] DEBUG org.flowable.common.engine.impl.db.CommonDbSchemaManager  - SQL: create table ACT_GE_BYTEARRAY ( 
ID_ varchar(64), 
REV_ integer, 
NAME_ varchar(255), 
DEPLOYMENT_ID_ varchar(64), 
BYTES_ longvarbinary, 
GENERATED_ bit, 
primary key (ID_) 
)
03:26:56,114 [main] DEBUG org.flowable.common.engine.impl.db.CommonDbSchemaManager  - SQL: insert into ACT_GE_PROPERTY 
values ('common.schema.version', '6.7.0.0', 1)
03:26:56,114 [main] DEBUG org.flowable.common.engine.impl.db.CommonDbSchemaManager  - SQL: insert into ACT_GE_PROPERTY 
values ('next.dbid', '1', 1)
03:26:56,114 [main] DEBUG org.flowable.common.engine.impl.db.CommonDbSchemaManager  - flowable db schema create for component common successful
一月 25, 2025 3:26:56 下午 liquibase.lockservice
信息: Successfully acquired change log lock
一月 25, 2025 3:26:56 下午 liquibase.servicelocator
信息: Cannot load service: liquibase.parser.ChangeLogParser: Provider liquibase.parser.core.json.JsonChangeLogParser could not be instantiated
一月 25, 2025 3:26:56 下午 liquibase.servicelocator
信息: Cannot load service: liquibase.parser.ChangeLogParser: Provider liquibase.parser.core.yaml.YamlChangeLogParser could not be instantiated
一月 25, 2025 3:26:57 下午 liquibase.changelog
信息: Creating database history table with name: PUBLIC.FLW_EV_DATABASECHANGELOG
一月 25, 2025 3:26:57 下午 liquibase.changelog
信息: Reading from PUBLIC.FLW_EV_DATABASECHANGELOG
一月 25, 2025 3:26:57 下午 liquibase.servicelocator
信息: Cannot load service: liquibase.hub.HubService: Provider liquibase.hub.core.StandardHubService could not be instantiated
一月 25, 2025 3:26:57 下午 liquibase.changelog
信息: Table FLW_EVENT_DEPLOYMENT created
一月 25, 2025 3:26:57 下午 liquibase.changelog
信息: Table FLW_EVENT_RESOURCE created
一月 25, 2025 3:26:57 下午 liquibase.changelog
信息: Table FLW_EVENT_DEFINITION created
一月 25, 2025 3:26:57 下午 liquibase.changelog
信息: Index ACT_IDX_EVENT_DEF_UNIQ created
一月 25, 2025 3:26:57 下午 liquibase.changelog
信息: Table FLW_CHANNEL_DEFINITION created
一月 25, 2025 3:26:57 下午 liquibase.changelog
信息: Index ACT_IDX_CHANNEL_DEF_UNIQ created
一月 25, 2025 3:26:57 下午 liquibase.changelog
信息: ChangeSet org/flowable/eventregistry/db/liquibase/flowable-eventregistry-db-changelog.xml::1::flowable ran successfully in 10ms
一月 25, 2025 3:26:57 下午 liquibase.lockservice
信息: Successfully released change log lock
03:26:57,542 [main] DEBUG org.flowable.common.engine.impl.db.DbSqlSession  - Flushing dbSqlSession
03:26:57,542 [main] DEBUG org.flowable.common.engine.impl.db.DbSqlSession  - flush summary: 0 insert, 0 update, 0 delete.
03:26:57,542 [main] DEBUG org.flowable.common.engine.impl.db.DbSqlSession  - now executing flush...
03:26:57,542 [main] DEBUG org.flowable.common.engine.impl.cfg.standalone.StandaloneMybatisTransactionContext  - firing event committing...
03:26:57,542 [main] DEBUG org.flowable.common.engine.impl.cfg.standalone.StandaloneMybatisTransactionContext  - committing the ibatis sql session...
03:26:57,542 [main] DEBUG org.flowable.common.engine.impl.cfg.standalone.StandaloneMybatisTransactionContext  - firing event committed...
03:26:57,542 [main] DEBUG org.apache.ibatis.transaction.jdbc.JdbcTransaction  - Resetting autocommit to true on JDBC Connection [conn0: url=jdbc:h2:mem:flowable user=SA]
03:26:57,542 [main] DEBUG org.apache.ibatis.transaction.jdbc.JdbcTransaction  - Closing JDBC Connection [conn0: url=jdbc:h2:mem:flowable user=SA]
03:26:57,542 [main] DEBUG org.apache.ibatis.datasource.pooled.PooledDataSource  - Returned connection 1493042329 to pool.
03:26:57,550 [main] DEBUG org.flowable.common.engine.impl.interceptor.LogInterceptor  - --- SchemaOperationsEventRegistryEngineBuild finished --------------------------------------------------------
03:26:57,550 [main] INFO  org.flowable.eventregistry.impl.EventRegistryEngineImpl  - EventRegistryEngine default created
03:26:57,551 [main] DEBUG org.flowable.common.engine.impl.interceptor.LogInterceptor  - --- starting ChannelDefinitionQueryImpl --------------------------------------------------------
03:26:57,551 [main] DEBUG org.apache.ibatis.transaction.jdbc.JdbcTransaction  - Opening JDBC Connection
03:26:57,551 [main] DEBUG org.apache.ibatis.datasource.pooled.PooledDataSource  - Checked out connection 1493042329 from pool.
03:26:57,551 [main] DEBUG org.apache.ibatis.transaction.jdbc.JdbcTransaction  - Setting autocommit to false on JDBC Connection [conn0: url=jdbc:h2:mem:flowable user=SA]
03:26:57,610 [main] DEBUG org.flowable.eventregistry.impl.persistence.entity.ChannelDefinitionEntityImpl.selectChannelDefinitionsByQueryCriteria  - ==>  Preparing: SELECT RES.* from FLW_CHANNEL_DEFINITION RES WHERE RES.VERSION_ = (select max(VERSION_) from FLW_CHANNEL_DEFINITION where KEY_ = RES.KEY_ and ( (TENANT_ID_ IS NOT NULL and TENANT_ID_ = RES.TENANT_ID_) or (TENANT_ID_ IS NULL and RES.TENANT_ID_ IS NULL) ) ) order by RES.ID_ asc
03:26:57,620 [main] DEBUG org.flowable.eventregistry.impl.persistence.entity.ChannelDefinitionEntityImpl.selectChannelDefinitionsByQueryCriteria  - ==> Parameters: 
03:26:57,640 [main] DEBUG org.flowable.eventregistry.impl.persistence.entity.ChannelDefinitionEntityImpl.selectChannelDefinitionsByQueryCriteria  - <==      Total: 0
03:26:57,640 [main] DEBUG org.flowable.common.engine.impl.db.DbSqlSession  - Flushing dbSqlSession
03:26:57,640 [main] DEBUG org.flowable.common.engine.impl.db.DbSqlSession  - flush summary: 0 insert, 0 update, 0 delete.
03:26:57,640 [main] DEBUG org.flowable.common.engine.impl.db.DbSqlSession  - now executing flush...
03:26:57,640 [main] DEBUG org.flowable.common.engine.impl.cfg.standalone.StandaloneMybatisTransactionContext  - firing event committing...
03:26:57,640 [main] DEBUG org.flowable.common.engine.impl.cfg.standalone.StandaloneMybatisTransactionContext  - committing the ibatis sql session...
03:26:57,640 [main] DEBUG org.flowable.common.engine.impl.cfg.standalone.StandaloneMybatisTransactionContext  - firing event committed...
03:26:57,640 [main] DEBUG org.apache.ibatis.transaction.jdbc.JdbcTransaction  - Resetting autocommit to true on JDBC Connection [conn0: url=jdbc:h2:mem:flowable user=SA]
03:26:57,640 [main] DEBUG org.apache.ibatis.transaction.jdbc.JdbcTransaction  - Closing JDBC Connection [conn0: url=jdbc:h2:mem:flowable user=SA]
03:26:57,640 [main] DEBUG org.apache.ibatis.datasource.pooled.PooledDataSource  - Returned connection 1493042329 to pool.
03:26:57,640 [main] DEBUG org.flowable.common.engine.impl.interceptor.LogInterceptor  - --- ChannelDefinitionQueryImpl finished --------------------------------------------------------
03:26:57,640 [main] INFO  org.flowable.engine.impl.cfg.StandaloneProcessEngineConfiguration  - Executing configure() of class org.flowable.idm.engine.configurator.IdmEngineConfigurator (priority:150000)
03:26:57,667 [main] DEBUG org.flowable.common.engine.impl.interceptor.LogInterceptor  - --- starting SchemaOperationsIdmEngineBuild --------------------------------------------------------
03:26:57,667 [main] DEBUG org.apache.ibatis.transaction.jdbc.JdbcTransaction  - Opening JDBC Connection
03:26:57,667 [main] DEBUG org.apache.ibatis.datasource.pooled.PooledDataSource  - Checked out connection 1493042329 from pool.
03:26:57,667 [main] DEBUG org.apache.ibatis.transaction.jdbc.JdbcTransaction  - Setting autocommit to false on JDBC Connection [conn0: url=jdbc:h2:mem:flowable user=SA]
03:26:57,669 [main] INFO  org.flowable.idm.engine.impl.db.IdmDbSchemaManager  - performing create on identity with resource org/flowable/idm/db/create/flowable.h2.create.identity.sql
03:26:57,669 [main] DEBUG org.flowable.idm.engine.impl.db.IdmDbSchemaManager  - SQL: create table ACT_ID_PROPERTY ( 
NAME_ varchar(64), 
VALUE_ varchar(300), 
REV_ integer, 
primary key (NAME_) 
)
03:26:57,671 [main] DEBUG org.flowable.idm.engine.impl.db.IdmDbSchemaManager  - SQL: insert into ACT_ID_PROPERTY 
values ('schema.version', '6.7.0.0', 1)
03:26:57,671 [main] DEBUG org.flowable.idm.engine.impl.db.IdmDbSchemaManager  - SQL: create table ACT_ID_BYTEARRAY ( 
ID_ varchar(64), 
REV_ integer, 
NAME_ varchar(255), 
BYTES_ longvarbinary, 
primary key (ID_) 
)
03:26:57,672 [main] DEBUG org.flowable.idm.engine.impl.db.IdmDbSchemaManager  - SQL: create table ACT_ID_GROUP ( 
ID_ varchar(64), 
REV_ integer, 
NAME_ varchar(255), 
TYPE_ varchar(255), 
primary key (ID_) 
)
03:26:57,672 [main] DEBUG org.flowable.idm.engine.impl.db.IdmDbSchemaManager  - SQL: create table ACT_ID_MEMBERSHIP ( 
USER_ID_ varchar(64), 
GROUP_ID_ varchar(64), 
primary key (USER_ID_, GROUP_ID_) 
)
03:26:57,672 [main] DEBUG org.flowable.idm.engine.impl.db.IdmDbSchemaManager  - SQL: create table ACT_ID_USER ( 
ID_ varchar(64), 
REV_ integer, 
FIRST_ varchar(255), 
LAST_ varchar(255), 
DISPLAY_NAME_ varchar(255), 
EMAIL_ varchar(255), 
PWD_ varchar(255), 
PICTURE_ID_ varchar(64), 
TENANT_ID_ varchar(255) default '', 
primary key (ID_) 
)
03:26:57,672 [main] DEBUG org.flowable.idm.engine.impl.db.IdmDbSchemaManager  - SQL: create table ACT_ID_INFO ( 
ID_ varchar(64), 
REV_ integer, 
USER_ID_ varchar(64), 
TYPE_ varchar(64), 
KEY_ varchar(255), 
VALUE_ varchar(255), 
PASSWORD_ longvarbinary, 
PARENT_ID_ varchar(255), 
primary key (ID_) 
)
03:26:57,672 [main] DEBUG org.flowable.idm.engine.impl.db.IdmDbSchemaManager  - SQL: create table ACT_ID_TOKEN ( 
ID_ varchar(64) not null, 
REV_ integer, 
TOKEN_VALUE_ varchar(255), 
TOKEN_DATE_ timestamp, 
IP_ADDRESS_ varchar(255), 
USER_AGENT_ varchar(255), 
USER_ID_ varchar(255), 
TOKEN_DATA_ varchar(2000), 
primary key (ID_) 
)
03:26:57,672 [main] DEBUG org.flowable.idm.engine.impl.db.IdmDbSchemaManager  - SQL: create table ACT_ID_PRIV ( 
ID_ varchar(64) not null, 
NAME_ varchar(255) not null, 
primary key (ID_) 
)
03:26:57,672 [main] DEBUG org.flowable.idm.engine.impl.db.IdmDbSchemaManager  - SQL: create table ACT_ID_PRIV_MAPPING ( 
ID_ varchar(64) not null, 
PRIV_ID_ varchar(64) not null, 
USER_ID_ varchar(255), 
GROUP_ID_ varchar(255), 
primary key (ID_) 
)
03:26:57,672 [main] DEBUG org.flowable.idm.engine.impl.db.IdmDbSchemaManager  - SQL: alter table ACT_ID_MEMBERSHIP 
add constraint ACT_FK_MEMB_GROUP 
foreign key (GROUP_ID_) 
references ACT_ID_GROUP
03:26:57,681 [main] DEBUG org.flowable.idm.engine.impl.db.IdmDbSchemaManager  - SQL: alter table ACT_ID_MEMBERSHIP 
add constraint ACT_FK_MEMB_USER 
foreign key (USER_ID_) 
references ACT_ID_USER
03:26:57,682 [main] DEBUG org.flowable.idm.engine.impl.db.IdmDbSchemaManager  - SQL: alter table ACT_ID_PRIV_MAPPING 
add constraint ACT_FK_PRIV_MAPPING 
foreign key (PRIV_ID_) 
references ACT_ID_PRIV
03:26:57,685 [main] DEBUG org.flowable.idm.engine.impl.db.IdmDbSchemaManager  - SQL: create index ACT_IDX_PRIV_USER on ACT_ID_PRIV_MAPPING(USER_ID_)
03:26:57,685 [main] DEBUG org.flowable.idm.engine.impl.db.IdmDbSchemaManager  - SQL: create index ACT_IDX_PRIV_GROUP on ACT_ID_PRIV_MAPPING(GROUP_ID_)
03:26:57,685 [main] DEBUG org.flowable.idm.engine.impl.db.IdmDbSchemaManager  - SQL: alter table ACT_ID_PRIV 
add constraint ACT_UNIQ_PRIV_NAME 
unique (NAME_)
03:26:57,685 [main] DEBUG org.flowable.idm.engine.impl.db.IdmDbSchemaManager  - flowable db schema create for component identity successful
03:26:57,685 [main] DEBUG org.flowable.common.engine.impl.db.DbSqlSession  - Flushing dbSqlSession
03:26:57,685 [main] DEBUG org.flowable.common.engine.impl.db.DbSqlSession  - flush summary: 0 insert, 0 update, 0 delete.
03:26:57,685 [main] DEBUG org.flowable.common.engine.impl.db.DbSqlSession  - now executing flush...
03:26:57,688 [main] DEBUG org.flowable.common.engine.impl.cfg.standalone.StandaloneMybatisTransactionContext  - firing event committing...
03:26:57,688 [main] DEBUG org.flowable.common.engine.impl.cfg.standalone.StandaloneMybatisTransactionContext  - committing the ibatis sql session...
03:26:57,688 [main] DEBUG org.flowable.common.engine.impl.cfg.standalone.StandaloneMybatisTransactionContext  - firing event committed...
03:26:57,688 [main] DEBUG org.apache.ibatis.transaction.jdbc.JdbcTransaction  - Resetting autocommit to true on JDBC Connection [conn0: url=jdbc:h2:mem:flowable user=SA]
03:26:57,688 [main] DEBUG org.apache.ibatis.transaction.jdbc.JdbcTransaction  - Closing JDBC Connection [conn0: url=jdbc:h2:mem:flowable user=SA]
03:26:57,688 [main] DEBUG org.apache.ibatis.datasource.pooled.PooledDataSource  - Returned connection 1493042329 to pool.
03:26:57,688 [main] DEBUG org.flowable.common.engine.impl.interceptor.LogInterceptor  - --- SchemaOperationsIdmEngineBuild finished --------------------------------------------------------
03:26:57,688 [main] INFO  org.flowable.idm.engine.impl.IdmEngineImpl  - IdmEngine default created
03:26:57,695 [main] DEBUG org.flowable.common.engine.impl.interceptor.LogInterceptor  - --- starting SchemaOperationsProcessEngineBuild --------------------------------------------------------
03:26:57,695 [main] DEBUG org.apache.ibatis.transaction.jdbc.JdbcTransaction  - Opening JDBC Connection
03:26:57,695 [main] DEBUG org.apache.ibatis.datasource.pooled.PooledDataSource  - Checked out connection 1493042329 from pool.
03:26:57,695 [main] DEBUG org.apache.ibatis.transaction.jdbc.JdbcTransaction  - Setting autocommit to false on JDBC Connection [conn0: url=jdbc:h2:mem:flowable user=SA]
03:26:57,698 [main] DEBUG org.flowable.common.engine.impl.agenda.AbstractAgenda  - Operation class org.flowable.engine.impl.interceptor.CommandInvoker$1 added to agenda
03:26:57,699 [main] DEBUG org.flowable.engine.impl.interceptor.CommandInvoker  - Executing operation class org.flowable.engine.impl.interceptor.CommandInvoker$1
03:26:57,699 [main] DEBUG org.flowable.engine.impl.SchemaOperationsProcessEngineBuild  - Executing schema management with setting true
03:26:57,700 [main] INFO  org.flowable.identitylink.service.impl.db.IdentityLinkDbSchemaManager  - performing create on identitylink with resource org/flowable/identitylink/service/db/create/flowable.h2.create.identitylink.sql
03:26:57,700 [main] DEBUG org.flowable.identitylink.service.impl.db.IdentityLinkDbSchemaManager  - SQL: create table ACT_RU_IDENTITYLINK ( 
ID_ varchar(64), 
REV_ integer, 
GROUP_ID_ varchar(255), 
TYPE_ varchar(255), 
USER_ID_ varchar(255), 
TASK_ID_ varchar(64), 
PROC_INST_ID_ varchar(64) null, 
PROC_DEF_ID_ varchar(64), 
SCOPE_ID_ varchar(255), 
SUB_SCOPE_ID_ varchar(255), 
SCOPE_TYPE_ varchar(255), 
SCOPE_DEFINITION_ID_ varchar(255), 
primary key (ID_) 
)
03:26:57,702 [main] DEBUG org.flowable.identitylink.service.impl.db.IdentityLinkDbSchemaManager  - SQL: create index ACT_IDX_IDENT_LNK_USER on ACT_RU_IDENTITYLINK(USER_ID_)
03:26:57,702 [main] DEBUG org.flowable.identitylink.service.impl.db.IdentityLinkDbSchemaManager  - SQL: create index ACT_IDX_IDENT_LNK_GROUP on ACT_RU_IDENTITYLINK(GROUP_ID_)
03:26:57,702 [main] DEBUG org.flowable.identitylink.service.impl.db.IdentityLinkDbSchemaManager  - SQL: create index ACT_IDX_IDENT_LNK_SCOPE on ACT_RU_IDENTITYLINK(SCOPE_ID_, SCOPE_TYPE_)
03:26:57,702 [main] DEBUG org.flowable.identitylink.service.impl.db.IdentityLinkDbSchemaManager  - SQL: create index ACT_IDX_IDENT_LNK_SUB_SCOPE on ACT_RU_IDENTITYLINK(SUB_SCOPE_ID_, SCOPE_TYPE_)
03:26:57,702 [main] DEBUG org.flowable.identitylink.service.impl.db.IdentityLinkDbSchemaManager  - SQL: create index ACT_IDX_IDENT_LNK_SCOPE_DEF on ACT_RU_IDENTITYLINK(SCOPE_DEFINITION_ID_, SCOPE_TYPE_)
03:26:57,702 [main] DEBUG org.flowable.identitylink.service.impl.db.IdentityLinkDbSchemaManager  - SQL: insert into ACT_GE_PROPERTY values ('identitylink.schema.version', '6.7.0.0', 1)
03:26:57,702 [main] DEBUG org.flowable.identitylink.service.impl.db.IdentityLinkDbSchemaManager  - flowable db schema create for component identitylink successful
03:26:57,702 [main] INFO  org.flowable.identitylink.service.impl.db.IdentityLinkDbSchemaManager  - performing create on identitylink.history with resource org/flowable/identitylink/service/db/create/flowable.h2.create.identitylink.history.sql
03:26:57,702 [main] DEBUG org.flowable.identitylink.service.impl.db.IdentityLinkDbSchemaManager  - SQL: create table ACT_HI_IDENTITYLINK ( 
ID_ varchar(64), 
GROUP_ID_ varchar(255), 
TYPE_ varchar(255), 
USER_ID_ varchar(255), 
TASK_ID_ varchar(64), 
CREATE_TIME_ timestamp, 
PROC_INST_ID_ varchar(64) null, 
SCOPE_ID_ varchar(255), 
SUB_SCOPE_ID_ varchar(255), 
SCOPE_TYPE_ varchar(255), 
SCOPE_DEFINITION_ID_ varchar(255), 
primary key (ID_) 
)
03:26:57,702 [main] DEBUG org.flowable.identitylink.service.impl.db.IdentityLinkDbSchemaManager  - SQL: create index ACT_IDX_HI_IDENT_LNK_USER on ACT_HI_IDENTITYLINK(USER_ID_)
03:26:57,702 [main] DEBUG org.flowable.identitylink.service.impl.db.IdentityLinkDbSchemaManager  - SQL: create index ACT_IDX_HI_IDENT_LNK_SCOPE on ACT_HI_IDENTITYLINK(SCOPE_ID_, SCOPE_TYPE_)
03:26:57,702 [main] DEBUG org.flowable.identitylink.service.impl.db.IdentityLinkDbSchemaManager  - SQL: create index ACT_IDX_HI_IDENT_LNK_SUB_SCOPE on ACT_HI_IDENTITYLINK(SUB_SCOPE_ID_, SCOPE_TYPE_)
03:26:57,702 [main] DEBUG org.flowable.identitylink.service.impl.db.IdentityLinkDbSchemaManager  - SQL: create index ACT_IDX_HI_IDENT_LNK_SCOPE_DEF on ACT_HI_IDENTITYLINK(SCOPE_DEFINITION_ID_, SCOPE_TYPE_)
03:26:57,702 [main] DEBUG org.flowable.identitylink.service.impl.db.IdentityLinkDbSchemaManager  - flowable db schema create for component identitylink.history successful
03:26:57,702 [main] INFO  org.flowable.entitylink.service.impl.db.EntityLinkDbSchemaManager  - performing create on entitylink with resource org/flowable/entitylink/service/db/create/flowable.h2.create.entitylink.sql
03:26:57,702 [main] DEBUG org.flowable.entitylink.service.impl.db.EntityLinkDbSchemaManager  - SQL: create table ACT_RU_ENTITYLINK ( 
ID_ varchar(64), 
REV_ integer, 
CREATE_TIME_ timestamp, 
LINK_TYPE_ varchar(255), 
SCOPE_ID_ varchar(255), 
SUB_SCOPE_ID_ varchar(255), 
SCOPE_TYPE_ varchar(255), 
SCOPE_DEFINITION_ID_ varchar(255), 
PARENT_ELEMENT_ID_ varchar(255), 
REF_SCOPE_ID_ varchar(255), 
REF_SCOPE_TYPE_ varchar(255), 
REF_SCOPE_DEFINITION_ID_ varchar(255), 
ROOT_SCOPE_ID_ varchar(255), 
ROOT_SCOPE_TYPE_ varchar(255), 
HIERARCHY_TYPE_ varchar(255), 
primary key (ID_) 
)
03:26:57,702 [main] DEBUG org.flowable.entitylink.service.impl.db.EntityLinkDbSchemaManager  - SQL: create index ACT_IDX_ENT_LNK_SCOPE on ACT_RU_ENTITYLINK(SCOPE_ID_, SCOPE_TYPE_, LINK_TYPE_)
03:26:57,702 [main] DEBUG org.flowable.entitylink.service.impl.db.EntityLinkDbSchemaManager  - SQL: create index ACT_IDX_ENT_LNK_REF_SCOPE on ACT_RU_ENTITYLINK(REF_SCOPE_ID_, REF_SCOPE_TYPE_, LINK_TYPE_)
03:26:57,702 [main] DEBUG org.flowable.entitylink.service.impl.db.EntityLinkDbSchemaManager  - SQL: create index ACT_IDX_ENT_LNK_ROOT_SCOPE on ACT_RU_ENTITYLINK(ROOT_SCOPE_ID_, ROOT_SCOPE_TYPE_, LINK_TYPE_)
03:26:57,712 [main] DEBUG org.flowable.entitylink.service.impl.db.EntityLinkDbSchemaManager  - SQL: create index ACT_IDX_ENT_LNK_SCOPE_DEF on ACT_RU_ENTITYLINK(SCOPE_DEFINITION_ID_, SCOPE_TYPE_, LINK_TYPE_)
03:26:57,712 [main] DEBUG org.flowable.entitylink.service.impl.db.EntityLinkDbSchemaManager  - SQL: insert into ACT_GE_PROPERTY values ('entitylink.schema.version', '6.7.0.0', 1)
03:26:57,712 [main] DEBUG org.flowable.entitylink.service.impl.db.EntityLinkDbSchemaManager  - flowable db schema create for component entitylink successful
03:26:57,712 [main] INFO  org.flowable.entitylink.service.impl.db.EntityLinkDbSchemaManager  - performing create on entitylink.history with resource org/flowable/entitylink/service/db/create/flowable.h2.create.entitylink.history.sql
03:26:57,712 [main] DEBUG org.flowable.entitylink.service.impl.db.EntityLinkDbSchemaManager  - SQL: create table ACT_HI_ENTITYLINK ( 
ID_ varchar(64), 
LINK_TYPE_ varchar(255), 
CREATE_TIME_ timestamp, 
SCOPE_ID_ varchar(255), 
SUB_SCOPE_ID_ varchar(255), 
SCOPE_TYPE_ varchar(255), 
SCOPE_DEFINITION_ID_ varchar(255), 
PARENT_ELEMENT_ID_ varchar(255), 
REF_SCOPE_ID_ varchar(255), 
REF_SCOPE_TYPE_ varchar(255), 
REF_SCOPE_DEFINITION_ID_ varchar(255), 
ROOT_SCOPE_ID_ varchar(255), 
ROOT_SCOPE_TYPE_ varchar(255), 
HIERARCHY_TYPE_ varchar(255), 
primary key (ID_) 
)
03:26:57,713 [main] DEBUG org.flowable.entitylink.service.impl.db.EntityLinkDbSchemaManager  - SQL: create index ACT_IDX_HI_ENT_LNK_SCOPE on ACT_HI_ENTITYLINK(SCOPE_ID_, SCOPE_TYPE_, LINK_TYPE_)
03:26:57,713 [main] DEBUG org.flowable.entitylink.service.impl.db.EntityLinkDbSchemaManager  - SQL: create index ACT_IDX_HI_ENT_LNK_REF_SCOPE on ACT_HI_ENTITYLINK(REF_SCOPE_ID_, REF_SCOPE_TYPE_, LINK_TYPE_)
03:26:57,713 [main] DEBUG org.flowable.entitylink.service.impl.db.EntityLinkDbSchemaManager  - SQL: create index ACT_IDX_HI_ENT_LNK_ROOT_SCOPE on ACT_HI_ENTITYLINK(ROOT_SCOPE_ID_, ROOT_SCOPE_TYPE_, LINK_TYPE_)
03:26:57,713 [main] DEBUG org.flowable.entitylink.service.impl.db.EntityLinkDbSchemaManager  - SQL: create index ACT_IDX_HI_ENT_LNK_SCOPE_DEF on ACT_HI_ENTITYLINK(SCOPE_DEFINITION_ID_, SCOPE_TYPE_, LINK_TYPE_)
03:26:57,713 [main] DEBUG org.flowable.entitylink.service.impl.db.EntityLinkDbSchemaManager  - flowable db schema create for component entitylink.history successful
03:26:57,713 [main] INFO  org.flowable.eventsubscription.service.impl.db.EventSubscriptionDbSchemaManager  - performing create on eventsubscription with resource org/flowable/eventsubscription/service/db/create/flowable.h2.create.eventsubscription.sql
03:26:57,713 [main] DEBUG org.flowable.eventsubscription.service.impl.db.EventSubscriptionDbSchemaManager  - SQL: create table ACT_RU_EVENT_SUBSCR ( 
ID_ varchar(64) not null, 
REV_ integer, 
EVENT_TYPE_ varchar(255) not null, 
EVENT_NAME_ varchar(255), 
EXECUTION_ID_ varchar(64), 
PROC_INST_ID_ varchar(64), 
ACTIVITY_ID_ varchar(64), 
CONFIGURATION_ varchar(255), 
CREATED_ timestamp not null, 
PROC_DEF_ID_ varchar(64), 
SUB_SCOPE_ID_ varchar(64), 
SCOPE_ID_ varchar(64), 
SCOPE_DEFINITION_ID_ varchar(64), 
SCOPE_TYPE_ varchar(64), 
TENANT_ID_ varchar(255) default '', 
primary key (ID_) 
)
03:26:57,713 [main] DEBUG org.flowable.eventsubscription.service.impl.db.EventSubscriptionDbSchemaManager  - SQL: create index ACT_IDX_EVENT_SUBSCR_CONFIG_ on ACT_RU_EVENT_SUBSCR(CONFIGURATION_)
03:26:57,713 [main] DEBUG org.flowable.eventsubscription.service.impl.db.EventSubscriptionDbSchemaManager  - SQL: insert into ACT_GE_PROPERTY values ('eventsubscription.schema.version', '6.7.0.0', 1)
03:26:57,713 [main] DEBUG org.flowable.eventsubscription.service.impl.db.EventSubscriptionDbSchemaManager  - flowable db schema create for component eventsubscription successful
03:26:57,713 [main] INFO  org.flowable.task.service.impl.db.TaskDbSchemaManager  - performing create on task with resource org/flowable/task/service/db/create/flowable.h2.create.task.sql
03:26:57,713 [main] DEBUG org.flowable.task.service.impl.db.TaskDbSchemaManager  - SQL: create table ACT_RU_TASK ( 
ID_ varchar(64), 
REV_ integer, 
EXECUTION_ID_ varchar(64), 
PROC_INST_ID_ varchar(64), 
PROC_DEF_ID_ varchar(64), 
TASK_DEF_ID_ varchar(64), 
SCOPE_ID_ varchar(255), 
SUB_SCOPE_ID_ varchar(255), 
SCOPE_TYPE_ varchar(255), 
SCOPE_DEFINITION_ID_ varchar(255), 
PROPAGATED_STAGE_INST_ID_ varchar(255), 
NAME_ varchar(255), 
PARENT_TASK_ID_ varchar(64), 
DESCRIPTION_ varchar(4000), 
TASK_DEF_KEY_ varchar(255), 
OWNER_ varchar(255), 
ASSIGNEE_ varchar(255), 
DELEGATION_ varchar(64), 
PRIORITY_ integer, 
CREATE_TIME_ timestamp, 
DUE_DATE_ timestamp, 
CATEGORY_ varchar(255), 
SUSPENSION_STATE_ integer, 
TENANT_ID_ varchar(255) default '', 
FORM_KEY_ varchar(255), 
CLAIM_TIME_ timestamp, 
IS_COUNT_ENABLED_ bit, 
VAR_COUNT_ integer, 
ID_LINK_COUNT_ integer, 
SUB_TASK_COUNT_ integer, 
primary key (ID_) 
)
03:26:57,713 [main] DEBUG org.flowable.task.service.impl.db.TaskDbSchemaManager  - SQL: create index ACT_IDX_TASK_CREATE on ACT_RU_TASK(CREATE_TIME_)
03:26:57,713 [main] DEBUG org.flowable.task.service.impl.db.TaskDbSchemaManager  - SQL: create index ACT_IDX_TASK_SCOPE on ACT_RU_TASK(SCOPE_ID_, SCOPE_TYPE_)
03:26:57,713 [main] DEBUG org.flowable.task.service.impl.db.TaskDbSchemaManager  - SQL: create index ACT_IDX_TASK_SUB_SCOPE on ACT_RU_TASK(SUB_SCOPE_ID_, SCOPE_TYPE_)
03:26:57,713 [main] DEBUG org.flowable.task.service.impl.db.TaskDbSchemaManager  - SQL: create index ACT_IDX_TASK_SCOPE_DEF on ACT_RU_TASK(SCOPE_DEFINITION_ID_, SCOPE_TYPE_)
03:26:57,713 [main] DEBUG org.flowable.task.service.impl.db.TaskDbSchemaManager  - SQL: insert into ACT_GE_PROPERTY values ('task.schema.version', '6.7.0.0', 1)
03:26:57,713 [main] DEBUG org.flowable.task.service.impl.db.TaskDbSchemaManager  - flowable db schema create for component task successful
03:26:57,713 [main] INFO  org.flowable.task.service.impl.db.TaskDbSchemaManager  - performing create on task.history with resource org/flowable/task/service/db/create/flowable.h2.create.task.history.sql
03:26:57,713 [main] DEBUG org.flowable.task.service.impl.db.TaskDbSchemaManager  - SQL: create table ACT_HI_TASKINST ( 
ID_ varchar(64) not null, 
REV_ integer default 1, 
PROC_DEF_ID_ varchar(64), 
TASK_DEF_ID_ varchar(64), 
TASK_DEF_KEY_ varchar(255), 
PROC_INST_ID_ varchar(64), 
EXECUTION_ID_ varchar(64), 
SCOPE_ID_ varchar(255), 
SUB_SCOPE_ID_ varchar(255), 
SCOPE_TYPE_ varchar(255), 
SCOPE_DEFINITION_ID_ varchar(255), 
PROPAGATED_STAGE_INST_ID_ varchar(255), 
NAME_ varchar(255), 
PARENT_TASK_ID_ varchar(64), 
DESCRIPTION_ varchar(4000), 
OWNER_ varchar(255), 
ASSIGNEE_ varchar(255), 
START_TIME_ timestamp not null, 
CLAIM_TIME_ timestamp, 
END_TIME_ timestamp, 
DURATION_ bigint, 
DELETE_REASON_ varchar(4000), 
PRIORITY_ integer, 
DUE_DATE_ timestamp, 
FORM_KEY_ varchar(255), 
CATEGORY_ varchar(255), 
TENANT_ID_ varchar(255) default '', 
LAST_UPDATED_TIME_ timestamp, 
primary key (ID_) 
)
03:26:57,723 [main] DEBUG org.flowable.task.service.impl.db.TaskDbSchemaManager  - SQL: create table ACT_HI_TSK_LOG ( 
ID_ identity, 
TYPE_ varchar(64), 
TASK_ID_ varchar(64) not null, 
TIME_STAMP_ timestamp not null, 
USER_ID_ varchar(255), 
DATA_ varchar(4000), 
EXECUTION_ID_ varchar(64), 
PROC_INST_ID_ varchar(64), 
PROC_DEF_ID_ varchar(64), 
SCOPE_ID_ varchar(255), 
SCOPE_DEFINITION_ID_ varchar(255), 
SUB_SCOPE_ID_ varchar(255), 
SCOPE_TYPE_ varchar(255), 
TENANT_ID_ varchar(255) default '', 
primary key (ID_) 
)
03:26:57,731 [main] DEBUG org.flowable.task.service.impl.db.TaskDbSchemaManager  - SQL: create index ACT_IDX_HI_TASK_SCOPE on ACT_HI_TASKINST(SCOPE_ID_, SCOPE_TYPE_)
03:26:57,732 [main] DEBUG org.flowable.task.service.impl.db.TaskDbSchemaManager  - SQL: create index ACT_IDX_HI_TASK_SUB_SCOPE on ACT_HI_TASKINST(SUB_SCOPE_ID_, SCOPE_TYPE_)
03:26:57,733 [main] DEBUG org.flowable.task.service.impl.db.TaskDbSchemaManager  - SQL: create index ACT_IDX_HI_TASK_SCOPE_DEF on ACT_HI_TASKINST(SCOPE_DEFINITION_ID_, SCOPE_TYPE_)
03:26:57,733 [main] DEBUG org.flowable.task.service.impl.db.TaskDbSchemaManager  - flowable db schema create for component task.history successful
03:26:57,733 [main] INFO  org.flowable.variable.service.impl.db.VariableDbSchemaManager  - performing create on variable with resource org/flowable/variable/service/db/create/flowable.h2.create.variable.sql
03:26:57,733 [main] DEBUG org.flowable.variable.service.impl.db.VariableDbSchemaManager  - SQL: create table ACT_RU_VARIABLE ( 
ID_ varchar(64) not null, 
REV_ integer, 
TYPE_ varchar(255) not null, 
NAME_ varchar(255) not null, 
EXECUTION_ID_ varchar(64), 
PROC_INST_ID_ varchar(64), 
TASK_ID_ varchar(64), 
SCOPE_ID_ varchar(255), 
SUB_SCOPE_ID_ varchar(255), 
SCOPE_TYPE_ varchar(255), 
BYTEARRAY_ID_ varchar(64), 
DOUBLE_ double, 
LONG_ bigint, 
TEXT_ varchar(4000), 
TEXT2_ varchar(4000), 
primary key (ID_) 
)
03:26:57,733 [main] DEBUG org.flowable.variable.service.impl.db.VariableDbSchemaManager  - SQL: create index ACT_IDX_RU_VAR_SCOPE_ID_TYPE on ACT_RU_VARIABLE(SCOPE_ID_, SCOPE_TYPE_)
03:26:57,733 [main] DEBUG org.flowable.variable.service.impl.db.VariableDbSchemaManager  - SQL: create index ACT_IDX_RU_VAR_SUB_ID_TYPE on ACT_RU_VARIABLE(SUB_SCOPE_ID_, SCOPE_TYPE_)
03:26:57,733 [main] DEBUG org.flowable.variable.service.impl.db.VariableDbSchemaManager  - SQL: alter table ACT_RU_VARIABLE 
add constraint ACT_FK_VAR_BYTEARRAY 
foreign key (BYTEARRAY_ID_) 
references ACT_GE_BYTEARRAY
03:26:57,733 [main] DEBUG org.flowable.variable.service.impl.db.VariableDbSchemaManager  - SQL: insert into ACT_GE_PROPERTY values ('variable.schema.version', '6.7.0.0', 1)
03:26:57,733 [main] DEBUG org.flowable.variable.service.impl.db.VariableDbSchemaManager  - flowable db schema create for component variable successful
03:26:57,733 [main] INFO  org.flowable.variable.service.impl.db.VariableDbSchemaManager  - performing create on variable.history with resource org/flowable/variable/service/db/create/flowable.h2.create.variable.history.sql
03:26:57,733 [main] DEBUG org.flowable.variable.service.impl.db.VariableDbSchemaManager  - SQL: create table ACT_HI_VARINST ( 
ID_ varchar(64) not null, 
REV_ integer default 1, 
PROC_INST_ID_ varchar(64), 
EXECUTION_ID_ varchar(64), 
TASK_ID_ varchar(64), 
NAME_ varchar(255) not null, 
VAR_TYPE_ varchar(100), 
SCOPE_ID_ varchar(255), 
SUB_SCOPE_ID_ varchar(255), 
SCOPE_TYPE_ varchar(255), 
BYTEARRAY_ID_ varchar(64), 
DOUBLE_ double, 
LONG_ bigint, 
TEXT_ varchar(4000), 
TEXT2_ varchar(4000), 
CREATE_TIME_ timestamp, 
LAST_UPDATED_TIME_ timestamp, 
primary key (ID_) 
)
03:26:57,733 [main] DEBUG org.flowable.variable.service.impl.db.VariableDbSchemaManager  - SQL: create index ACT_IDX_HI_PROCVAR_NAME_TYPE on ACT_HI_VARINST(NAME_, VAR_TYPE_)
03:26:57,733 [main] DEBUG org.flowable.variable.service.impl.db.VariableDbSchemaManager  - SQL: create index ACT_IDX_HI_VAR_SCOPE_ID_TYPE on ACT_HI_VARINST(SCOPE_ID_, SCOPE_TYPE_)
03:26:57,737 [main] DEBUG org.flowable.variable.service.impl.db.VariableDbSchemaManager  - SQL: create index ACT_IDX_HI_VAR_SUB_ID_TYPE on ACT_HI_VARINST(SUB_SCOPE_ID_, SCOPE_TYPE_)
03:26:57,737 [main] DEBUG org.flowable.variable.service.impl.db.VariableDbSchemaManager  - flowable db schema create for component variable.history successful
03:26:57,737 [main] INFO  org.flowable.job.service.impl.db.JobDbSchemaManager  - performing create on job with resource org/flowable/job/service/db/create/flowable.h2.create.job.sql
03:26:57,737 [main] DEBUG org.flowable.job.service.impl.db.JobDbSchemaManager  - SQL: create table ACT_RU_JOB ( 
ID_ varchar(64) NOT NULL, 
REV_ integer, 
CATEGORY_ varchar(255), 
TYPE_ varchar(255) NOT NULL, 
LOCK_EXP_TIME_ timestamp, 
LOCK_OWNER_ varchar(255), 
EXCLUSIVE_ boolean, 
EXECUTION_ID_ varchar(64), 
PROCESS_INSTANCE_ID_ varchar(64), 
PROC_DEF_ID_ varchar(64), 
ELEMENT_ID_ varchar(255), 
ELEMENT_NAME_ varchar(255), 
SCOPE_ID_ varchar(255), 
SUB_SCOPE_ID_ varchar(255), 
SCOPE_TYPE_ varchar(255), 
SCOPE_DEFINITION_ID_ varchar(255), 
CORRELATION_ID_ varchar(255), 
RETRIES_ integer, 
EXCEPTION_STACK_ID_ varchar(64), 
EXCEPTION_MSG_ varchar(4000), 
DUEDATE_ timestamp, 
REPEAT_ varchar(255), 
HANDLER_TYPE_ varchar(255), 
HANDLER_CFG_ varchar(4000), 
CUSTOM_VALUES_ID_ varchar(64), 
CREATE_TIME_ timestamp, 
TENANT_ID_ varchar(255) default '', 
primary key (ID_) 
)
03:26:57,738 [main] DEBUG org.flowable.job.service.impl.db.JobDbSchemaManager  - SQL: create table ACT_RU_TIMER_JOB ( 
ID_ varchar(64) NOT NULL, 
REV_ integer, 
CATEGORY_ varchar(255), 
TYPE_ varchar(255) NOT NULL, 
LOCK_EXP_TIME_ timestamp, 
LOCK_OWNER_ varchar(255), 
EXCLUSIVE_ boolean, 
EXECUTION_ID_ varchar(64), 
PROCESS_INSTANCE_ID_ varchar(64), 
PROC_DEF_ID_ varchar(64), 
ELEMENT_ID_ varchar(255), 
ELEMENT_NAME_ varchar(255), 
SCOPE_ID_ varchar(255), 
SUB_SCOPE_ID_ varchar(255), 
SCOPE_TYPE_ varchar(255), 
SCOPE_DEFINITION_ID_ varchar(255), 
CORRELATION_ID_ varchar(255), 
RETRIES_ integer, 
EXCEPTION_STACK_ID_ varchar(64), 
EXCEPTION_MSG_ varchar(4000), 
DUEDATE_ timestamp, 
REPEAT_ varchar(255), 
HANDLER_TYPE_ varchar(255), 
HANDLER_CFG_ varchar(4000), 
CUSTOM_VALUES_ID_ varchar(64), 
CREATE_TIME_ timestamp, 
TENANT_ID_ varchar(255) default '', 
primary key (ID_) 
)
03:26:57,739 [main] DEBUG org.flowable.job.service.impl.db.JobDbSchemaManager  - SQL: create table ACT_RU_SUSPENDED_JOB ( 
ID_ varchar(64) NOT NULL, 
REV_ integer, 
CATEGORY_ varchar(255), 
TYPE_ varchar(255) NOT NULL, 
EXCLUSIVE_ boolean, 
EXECUTION_ID_ varchar(64), 
PROCESS_INSTANCE_ID_ varchar(64), 
PROC_DEF_ID_ varchar(64), 
ELEMENT_ID_ varchar(255), 
ELEMENT_NAME_ varchar(255), 
SCOPE_ID_ varchar(255), 
SUB_SCOPE_ID_ varchar(255), 
SCOPE_TYPE_ varchar(255), 
SCOPE_DEFINITION_ID_ varchar(255), 
CORRELATION_ID_ varchar(255), 
RETRIES_ integer, 
EXCEPTION_STACK_ID_ varchar(64), 
EXCEPTION_MSG_ varchar(4000), 
DUEDATE_ timestamp, 
REPEAT_ varchar(255), 
HANDLER_TYPE_ varchar(255), 
HANDLER_CFG_ varchar(4000), 
CUSTOM_VALUES_ID_ varchar(64), 
CREATE_TIME_ timestamp, 
TENANT_ID_ varchar(255) default '', 
primary key (ID_) 
)
03:26:57,740 [main] DEBUG org.flowable.job.service.impl.db.JobDbSchemaManager  - SQL: create table ACT_RU_DEADLETTER_JOB ( 
ID_ varchar(64) NOT NULL, 
REV_ integer, 
CATEGORY_ varchar(255), 
TYPE_ varchar(255) NOT NULL, 
EXCLUSIVE_ boolean, 
EXECUTION_ID_ varchar(64), 
PROCESS_INSTANCE_ID_ varchar(64), 
PROC_DEF_ID_ varchar(64), 
ELEMENT_ID_ varchar(255), 
ELEMENT_NAME_ varchar(255), 
SCOPE_ID_ varchar(255), 
SUB_SCOPE_ID_ varchar(255), 
SCOPE_TYPE_ varchar(255), 
SCOPE_DEFINITION_ID_ varchar(255), 
CORRELATION_ID_ varchar(255), 
EXCEPTION_STACK_ID_ varchar(64), 
EXCEPTION_MSG_ varchar(4000), 
DUEDATE_ timestamp, 
REPEAT_ varchar(255), 
HANDLER_TYPE_ varchar(255), 
HANDLER_CFG_ varchar(4000), 
CUSTOM_VALUES_ID_ varchar(64), 
CREATE_TIME_ timestamp, 
TENANT_ID_ varchar(255) default '', 
primary key (ID_) 
)
03:26:57,740 [main] DEBUG org.flowable.job.service.impl.db.JobDbSchemaManager  - SQL: create table ACT_RU_HISTORY_JOB ( 
ID_ varchar(64) NOT NULL, 
REV_ integer, 
LOCK_EXP_TIME_ timestamp, 
LOCK_OWNER_ varchar(255), 
RETRIES_ integer, 
EXCEPTION_STACK_ID_ varchar(64), 
EXCEPTION_MSG_ varchar(4000), 
HANDLER_TYPE_ varchar(255), 
HANDLER_CFG_ varchar(4000), 
CUSTOM_VALUES_ID_ varchar(64), 
ADV_HANDLER_CFG_ID_ varchar(64), 
CREATE_TIME_ timestamp, 
SCOPE_TYPE_ varchar(255), 
TENANT_ID_ varchar(255) default '', 
primary key (ID_) 
)
03:26:57,740 [main] DEBUG org.flowable.job.service.impl.db.JobDbSchemaManager  - SQL: create table ACT_RU_EXTERNAL_JOB ( 
ID_ varchar(64) NOT NULL, 
REV_ integer, 
CATEGORY_ varchar(255), 
TYPE_ varchar(255) NOT NULL, 
LOCK_EXP_TIME_ timestamp, 
LOCK_OWNER_ varchar(255), 
EXCLUSIVE_ boolean, 
EXECUTION_ID_ varchar(64), 
PROCESS_INSTANCE_ID_ varchar(64), 
PROC_DEF_ID_ varchar(64), 
ELEMENT_ID_ varchar(255), 
ELEMENT_NAME_ varchar(255), 
SCOPE_ID_ varchar(255), 
SUB_SCOPE_ID_ varchar(255), 
SCOPE_TYPE_ varchar(255), 
SCOPE_DEFINITION_ID_ varchar(255), 
CORRELATION_ID_ varchar(255), 
RETRIES_ integer, 
EXCEPTION_STACK_ID_ varchar(64), 
EXCEPTION_MSG_ varchar(4000), 
DUEDATE_ timestamp, 
REPEAT_ varchar(255), 
HANDLER_TYPE_ varchar(255), 
HANDLER_CFG_ varchar(4000), 
CUSTOM_VALUES_ID_ varchar(64), 
CREATE_TIME_ timestamp, 
TENANT_ID_ varchar(255) default '', 
primary key (ID_) 
)
03:26:57,740 [main] DEBUG org.flowable.job.service.impl.db.JobDbSchemaManager  - SQL: create index ACT_IDX_JOB_EXCEPTION_STACK_ID on ACT_RU_JOB(EXCEPTION_STACK_ID_)
03:26:57,740 [main] DEBUG org.flowable.job.service.impl.db.JobDbSchemaManager  - SQL: create index ACT_IDX_JOB_CUSTOM_VALUES_ID on ACT_RU_JOB(CUSTOM_VALUES_ID_)
03:26:57,740 [main] DEBUG org.flowable.job.service.impl.db.JobDbSchemaManager  - SQL: create index ACT_IDX_JOB_CORRELATION_ID on ACT_RU_JOB(CORRELATION_ID_)
03:26:57,740 [main] DEBUG org.flowable.job.service.impl.db.JobDbSchemaManager  - SQL: create index ACT_IDX_TIMER_JOB_EXCEPTION_STACK_ID on ACT_RU_TIMER_JOB(EXCEPTION_STACK_ID_)
03:26:57,743 [main] DEBUG org.flowable.job.service.impl.db.JobDbSchemaManager  - SQL: create index ACT_IDX_TIMER_JOB_CUSTOM_VALUES_ID on ACT_RU_TIMER_JOB(CUSTOM_VALUES_ID_)
03:26:57,743 [main] DEBUG org.flowable.job.service.impl.db.JobDbSchemaManager  - SQL: create index ACT_IDX_TIMER_JOB_CORRELATION_ID on ACT_RU_TIMER_JOB(CORRELATION_ID_)
03:26:57,743 [main] DEBUG org.flowable.job.service.impl.db.JobDbSchemaManager  - SQL: create index ACT_IDX_TIMER_JOB_DUEDATE on ACT_RU_TIMER_JOB(DUEDATE_)
03:26:57,743 [main] DEBUG org.flowable.job.service.impl.db.JobDbSchemaManager  - SQL: create index ACT_IDX_SUSPENDED_JOB_EXCEPTION_STACK_ID on ACT_RU_SUSPENDED_JOB(EXCEPTION_STACK_ID_)
03:26:57,743 [main] DEBUG org.flowable.job.service.impl.db.JobDbSchemaManager  - SQL: create index ACT_IDX_SUSPENDED_JOB_CUSTOM_VALUES_ID on ACT_RU_SUSPENDED_JOB(CUSTOM_VALUES_ID_)
03:26:57,743 [main] DEBUG org.flowable.job.service.impl.db.JobDbSchemaManager  - SQL: create index ACT_IDX_SUSPENDED_JOB_CORRELATION_ID on ACT_RU_SUSPENDED_JOB(CORRELATION_ID_)
03:26:57,743 [main] DEBUG org.flowable.job.service.impl.db.JobDbSchemaManager  - SQL: create index ACT_IDX_DEADLETTER_JOB_EXCEPTION_STACK_ID on ACT_RU_DEADLETTER_JOB(EXCEPTION_STACK_ID_)
03:26:57,743 [main] DEBUG org.flowable.job.service.impl.db.JobDbSchemaManager  - SQL: create index ACT_IDX_DEADLETTER_JOB_CUSTOM_VALUES_ID on ACT_RU_DEADLETTER_JOB(CUSTOM_VALUES_ID_)
03:26:57,743 [main] DEBUG org.flowable.job.service.impl.db.JobDbSchemaManager  - SQL: create index ACT_IDX_DEADLETTER_JOB_CORRELATION_ID on ACT_RU_DEADLETTER_JOB(CORRELATION_ID_)
03:26:57,743 [main] DEBUG org.flowable.job.service.impl.db.JobDbSchemaManager  - SQL: create index ACT_IDX_EXTERNAL_JOB_EXCEPTION_STACK_ID on ACT_RU_EXTERNAL_JOB(EXCEPTION_STACK_ID_)
03:26:57,743 [main] DEBUG org.flowable.job.service.impl.db.JobDbSchemaManager  - SQL: create index ACT_IDX_EXTERNAL_JOB_CUSTOM_VALUES_ID on ACT_RU_EXTERNAL_JOB(CUSTOM_VALUES_ID_)
03:26:57,743 [main] DEBUG org.flowable.job.service.impl.db.JobDbSchemaManager  - SQL: create index ACT_IDX_EXTERNAL_JOB_CORRELATION_ID on ACT_RU_EXTERNAL_JOB(CORRELATION_ID_)
03:26:57,743 [main] DEBUG org.flowable.job.service.impl.db.JobDbSchemaManager  - SQL: alter table ACT_RU_JOB 
add constraint ACT_FK_JOB_EXCEPTION 
foreign key (EXCEPTION_STACK_ID_) 
references ACT_GE_BYTEARRAY (ID_)
03:26:57,743 [main] DEBUG org.flowable.job.service.impl.db.JobDbSchemaManager  - SQL: alter table ACT_RU_JOB 
add constraint ACT_FK_JOB_CUSTOM_VALUES 
foreign key (CUSTOM_VALUES_ID_) 
references ACT_GE_BYTEARRAY (ID_)
03:26:57,743 [main] DEBUG org.flowable.job.service.impl.db.JobDbSchemaManager  - SQL: alter table ACT_RU_TIMER_JOB 
add constraint ACT_FK_TIMER_JOB_EXCEPTION 
foreign key (EXCEPTION_STACK_ID_) 
references ACT_GE_BYTEARRAY (ID_)
03:26:57,743 [main] DEBUG org.flowable.job.service.impl.db.JobDbSchemaManager  - SQL: alter table ACT_RU_TIMER_JOB 
add constraint ACT_FK_TIMER_JOB_CUSTOM_VALUES 
foreign key (CUSTOM_VALUES_ID_) 
references ACT_GE_BYTEARRAY (ID_)
03:26:57,743 [main] DEBUG org.flowable.job.service.impl.db.JobDbSchemaManager  - SQL: alter table ACT_RU_SUSPENDED_JOB 
add constraint ACT_FK_SUSPENDED_JOB_EXCEPTION 
foreign key (EXCEPTION_STACK_ID_) 
references ACT_GE_BYTEARRAY (ID_)
03:26:57,743 [main] DEBUG org.flowable.job.service.impl.db.JobDbSchemaManager  - SQL: alter table ACT_RU_SUSPENDED_JOB 
add constraint ACT_FK_SUSPENDED_JOB_CUSTOM_VALUES 
foreign key (CUSTOM_VALUES_ID_) 
references ACT_GE_BYTEARRAY (ID_)
03:26:57,743 [main] DEBUG org.flowable.job.service.impl.db.JobDbSchemaManager  - SQL: alter table ACT_RU_DEADLETTER_JOB 
add constraint ACT_FK_DEADLETTER_JOB_EXCEPTION 
foreign key (EXCEPTION_STACK_ID_) 
references ACT_GE_BYTEARRAY (ID_)
03:26:57,743 [main] DEBUG org.flowable.job.service.impl.db.JobDbSchemaManager  - SQL: alter table ACT_RU_DEADLETTER_JOB 
add constraint ACT_FK_DEADLETTER_JOB_CUSTOM_VALUES 
foreign key (CUSTOM_VALUES_ID_) 
references ACT_GE_BYTEARRAY (ID_)
03:26:57,743 [main] DEBUG org.flowable.job.service.impl.db.JobDbSchemaManager  - SQL: alter table ACT_RU_EXTERNAL_JOB 
add constraint ACT_FK_EXTERNAL_JOB_EXCEPTION 
foreign key (EXCEPTION_STACK_ID_) 
references ACT_GE_BYTEARRAY (ID_)
03:26:57,753 [main] DEBUG org.flowable.job.service.impl.db.JobDbSchemaManager  - SQL: alter table ACT_RU_EXTERNAL_JOB 
add constraint ACT_FK_EXTERNAL_JOB_CUSTOM_VALUES 
foreign key (CUSTOM_VALUES_ID_) 
references ACT_GE_BYTEARRAY (ID_)
03:26:57,754 [main] DEBUG org.flowable.job.service.impl.db.JobDbSchemaManager  - SQL: create index ACT_IDX_JOB_SCOPE on ACT_RU_JOB(SCOPE_ID_, SCOPE_TYPE_)
03:26:57,754 [main] DEBUG org.flowable.job.service.impl.db.JobDbSchemaManager  - SQL: create index ACT_IDX_JOB_SUB_SCOPE on ACT_RU_JOB(SUB_SCOPE_ID_, SCOPE_TYPE_)
03:26:57,754 [main] DEBUG org.flowable.job.service.impl.db.JobDbSchemaManager  - SQL: create index ACT_IDX_JOB_SCOPE_DEF on ACT_RU_JOB(SCOPE_DEFINITION_ID_, SCOPE_TYPE_)
03:26:57,754 [main] DEBUG org.flowable.job.service.impl.db.JobDbSchemaManager  - SQL: create index ACT_IDX_TJOB_SCOPE on ACT_RU_TIMER_JOB(SCOPE_ID_, SCOPE_TYPE_)
03:26:57,754 [main] DEBUG org.flowable.job.service.impl.db.JobDbSchemaManager  - SQL: create index ACT_IDX_TJOB_SUB_SCOPE on ACT_RU_TIMER_JOB(SUB_SCOPE_ID_, SCOPE_TYPE_)
03:26:57,754 [main] DEBUG org.flowable.job.service.impl.db.JobDbSchemaManager  - SQL: create index ACT_IDX_TJOB_SCOPE_DEF on ACT_RU_TIMER_JOB(SCOPE_DEFINITION_ID_, SCOPE_TYPE_)
03:26:57,754 [main] DEBUG org.flowable.job.service.impl.db.JobDbSchemaManager  - SQL: create index ACT_IDX_SJOB_SCOPE on ACT_RU_SUSPENDED_JOB(SCOPE_ID_, SCOPE_TYPE_)
03:26:57,754 [main] DEBUG org.flowable.job.service.impl.db.JobDbSchemaManager  - SQL: create index ACT_IDX_SJOB_SUB_SCOPE on ACT_RU_SUSPENDED_JOB(SUB_SCOPE_ID_, SCOPE_TYPE_)
03:26:57,754 [main] DEBUG org.flowable.job.service.impl.db.JobDbSchemaManager  - SQL: create index ACT_IDX_SJOB_SCOPE_DEF on ACT_RU_SUSPENDED_JOB(SCOPE_DEFINITION_ID_, SCOPE_TYPE_)
03:26:57,754 [main] DEBUG org.flowable.job.service.impl.db.JobDbSchemaManager  - SQL: create index ACT_IDX_DJOB_SCOPE on ACT_RU_DEADLETTER_JOB(SCOPE_ID_, SCOPE_TYPE_)
03:26:57,754 [main] DEBUG org.flowable.job.service.impl.db.JobDbSchemaManager  - SQL: create index ACT_IDX_DJOB_SUB_SCOPE on ACT_RU_DEADLETTER_JOB(SUB_SCOPE_ID_, SCOPE_TYPE_)
03:26:57,754 [main] DEBUG org.flowable.job.service.impl.db.JobDbSchemaManager  - SQL: create index ACT_IDX_DJOB_SCOPE_DEF on ACT_RU_DEADLETTER_JOB(SCOPE_DEFINITION_ID_, SCOPE_TYPE_)
03:26:57,754 [main] DEBUG org.flowable.job.service.impl.db.JobDbSchemaManager  - SQL: create index ACT_IDX_EJOB_SCOPE on ACT_RU_EXTERNAL_JOB(SCOPE_ID_, SCOPE_TYPE_)
03:26:57,754 [main] DEBUG org.flowable.job.service.impl.db.JobDbSchemaManager  - SQL: create index ACT_IDX_EJOB_SUB_SCOPE on ACT_RU_EXTERNAL_JOB(SUB_SCOPE_ID_, SCOPE_TYPE_)
03:26:57,754 [main] DEBUG org.flowable.job.service.impl.db.JobDbSchemaManager  - SQL: create index ACT_IDX_EJOB_SCOPE_DEF on ACT_RU_EXTERNAL_JOB(SCOPE_DEFINITION_ID_, SCOPE_TYPE_)
03:26:57,754 [main] DEBUG org.flowable.job.service.impl.db.JobDbSchemaManager  - SQL: insert into ACT_GE_PROPERTY values ('job.schema.version', '6.7.0.0', 1)
03:26:57,754 [main] DEBUG org.flowable.job.service.impl.db.JobDbSchemaManager  - flowable db schema create for component job successful
03:26:57,754 [main] INFO  org.flowable.batch.service.impl.db.BatchDbSchemaManager  - performing create on batch with resource org/flowable/batch/service/db/create/flowable.h2.create.batch.sql
03:26:57,754 [main] DEBUG org.flowable.batch.service.impl.db.BatchDbSchemaManager  - SQL: create table FLW_RU_BATCH ( 
ID_ varchar(64) not null, 
REV_ integer, 
TYPE_ varchar(64) not null, 
SEARCH_KEY_ varchar(255), 
SEARCH_KEY2_ varchar(255), 
CREATE_TIME_ timestamp not null, 
COMPLETE_TIME_ timestamp, 
STATUS_ varchar(255), 
BATCH_DOC_ID_ varchar(64), 
TENANT_ID_ varchar(255) default '', 
primary key (ID_) 
)
03:26:57,754 [main] DEBUG org.flowable.batch.service.impl.db.BatchDbSchemaManager  - SQL: create table FLW_RU_BATCH_PART ( 
ID_ varchar(64) not null, 
REV_ integer, 
BATCH_ID_ varchar(64), 
TYPE_ varchar(64) not null, 
SCOPE_ID_ varchar(64), 
SUB_SCOPE_ID_ varchar(64), 
SCOPE_TYPE_ varchar(64), 
SEARCH_KEY_ varchar(255), 
SEARCH_KEY2_ varchar(255), 
CREATE_TIME_ timestamp not null, 
COMPLETE_TIME_ timestamp, 
STATUS_ varchar(255), 
RESULT_DOC_ID_ varchar(64), 
TENANT_ID_ varchar(255) default '', 
primary key (ID_) 
)
03:26:57,754 [main] DEBUG org.flowable.batch.service.impl.db.BatchDbSchemaManager  - SQL: create index FLW_IDX_BATCH_PART on FLW_RU_BATCH_PART(BATCH_ID_)
03:26:57,754 [main] DEBUG org.flowable.batch.service.impl.db.BatchDbSchemaManager  - SQL: alter table FLW_RU_BATCH_PART 
add constraint FLW_FK_BATCH_PART_PARENT 
foreign key (BATCH_ID_) 
references FLW_RU_BATCH (ID_)
03:26:57,754 [main] DEBUG org.flowable.batch.service.impl.db.BatchDbSchemaManager  - SQL: insert into ACT_GE_PROPERTY values ('batch.schema.version', '6.7.0.0', 1)
03:26:57,754 [main] DEBUG org.flowable.batch.service.impl.db.BatchDbSchemaManager  - flowable db schema create for component batch successful
03:26:57,754 [main] INFO  org.flowable.engine.impl.db.ProcessDbSchemaManager  - performing create on engine with resource org/flowable/db/create/flowable.h2.create.engine.sql
03:26:57,754 [main] DEBUG org.flowable.engine.impl.db.ProcessDbSchemaManager  - SQL: create table ACT_RE_DEPLOYMENT ( 
ID_ varchar(64), 
NAME_ varchar(255), 
CATEGORY_ varchar(255), 
KEY_ varchar(255), 
TENANT_ID_ varchar(255) default '', 
DEPLOY_TIME_ timestamp, 
DERIVED_FROM_ varchar(64), 
DERIVED_FROM_ROOT_ varchar(64), 
PARENT_DEPLOYMENT_ID_ varchar(255), 
ENGINE_VERSION_ varchar(255), 
primary key (ID_) 
)
03:26:57,763 [main] DEBUG org.flowable.engine.impl.db.ProcessDbSchemaManager  - SQL: create table ACT_RE_MODEL ( 
ID_ varchar(64) not null, 
REV_ integer, 
NAME_ varchar(255), 
KEY_ varchar(255), 
CATEGORY_ varchar(255), 
CREATE_TIME_ timestamp, 
LAST_UPDATE_TIME_ timestamp, 
VERSION_ integer, 
META_INFO_ varchar(4000), 
DEPLOYMENT_ID_ varchar(64), 
EDITOR_SOURCE_VALUE_ID_ varchar(64), 
EDITOR_SOURCE_EXTRA_VALUE_ID_ varchar(64), 
TENANT_ID_ varchar(255) default '', 
primary key (ID_) 
)
03:26:57,763 [main] DEBUG org.flowable.engine.impl.db.ProcessDbSchemaManager  - SQL: create table ACT_RU_EXECUTION ( 
ID_ varchar(64), 
REV_ integer, 
PROC_INST_ID_ varchar(64), 
BUSINESS_KEY_ varchar(255), 
PARENT_ID_ varchar(64), 
PROC_DEF_ID_ varchar(64), 
SUPER_EXEC_ varchar(64), 
ROOT_PROC_INST_ID_ varchar(64), 
ACT_ID_ varchar(255), 
IS_ACTIVE_ bit, 
IS_CONCURRENT_ bit, 
IS_SCOPE_ bit, 
IS_EVENT_SCOPE_ bit, 
IS_MI_ROOT_ bit, 
SUSPENSION_STATE_ integer, 
CACHED_ENT_STATE_ integer, 
TENANT_ID_ varchar(255) default '', 
NAME_ varchar(255), 
START_ACT_ID_ varchar(255), 
START_TIME_ timestamp, 
START_USER_ID_ varchar(255), 
LOCK_TIME_ timestamp, 
LOCK_OWNER_ varchar(255), 
IS_COUNT_ENABLED_ bit, 
EVT_SUBSCR_COUNT_ integer, 
TASK_COUNT_ integer, 
JOB_COUNT_ integer, 
TIMER_JOB_COUNT_ integer, 
SUSP_JOB_COUNT_ integer, 
DEADLETTER_JOB_COUNT_ integer, 
EXTERNAL_WORKER_JOB_COUNT_ integer, 
VAR_COUNT_ integer, 
ID_LINK_COUNT_ integer, 
CALLBACK_ID_ varchar(255), 
CALLBACK_TYPE_ varchar(255), 
REFERENCE_ID_ varchar(255), 
REFERENCE_TYPE_ varchar(255), 
PROPAGATED_STAGE_INST_ID_ varchar(255), 
primary key (ID_) 
)
03:26:57,763 [main] DEBUG org.flowable.engine.impl.db.ProcessDbSchemaManager  - SQL: create table ACT_RE_PROCDEF ( 
ID_ varchar(64) NOT NULL, 
REV_ integer, 
CATEGORY_ varchar(255), 
NAME_ varchar(255), 
KEY_ varchar(255) NOT NULL, 
VERSION_ integer NOT NULL, 
DEPLOYMENT_ID_ varchar(64), 
RESOURCE_NAME_ varchar(4000), 
DGRM_RESOURCE_NAME_ varchar(4000), 
DESCRIPTION_ varchar(4000), 
HAS_START_FORM_KEY_ bit, 
HAS_GRAPHICAL_NOTATION_ bit, 
SUSPENSION_STATE_ integer, 
TENANT_ID_ varchar(255) default '', 
DERIVED_FROM_ varchar(64), 
DERIVED_FROM_ROOT_ varchar(64), 
DERIVED_VERSION_ integer NOT NULL default 0, 
ENGINE_VERSION_ varchar(255), 
primary key (ID_) 
)
03:26:57,763 [main] DEBUG org.flowable.engine.impl.db.ProcessDbSchemaManager  - SQL: create table ACT_EVT_LOG ( 
LOG_NR_ identity, 
TYPE_ varchar(64), 
PROC_DEF_ID_ varchar(64), 
PROC_INST_ID_ varchar(64), 
EXECUTION_ID_ varchar(64), 
TASK_ID_ varchar(64), 
TIME_STAMP_ timestamp not null, 
USER_ID_ varchar(255), 
DATA_ longvarbinary, 
LOCK_OWNER_ varchar(255), 
LOCK_TIME_ timestamp, 
IS_PROCESSED_ bit default 0 
)
03:26:57,763 [main] DEBUG org.flowable.engine.impl.db.ProcessDbSchemaManager  - SQL: create table ACT_PROCDEF_INFO ( 
ID_ varchar(64) not null, 
PROC_DEF_ID_ varchar(64) not null, 
REV_ integer, 
INFO_JSON_ID_ varchar(64), 
primary key (ID_) 
)
03:26:57,763 [main] DEBUG org.flowable.engine.impl.db.ProcessDbSchemaManager  - SQL: create table ACT_RU_ACTINST ( 
ID_ varchar(64) not null, 
REV_ integer default 1, 
PROC_DEF_ID_ varchar(64) not null, 
PROC_INST_ID_ varchar(64) not null, 
EXECUTION_ID_ varchar(64) not null, 
ACT_ID_ varchar(255) not null, 
TASK_ID_ varchar(64), 
CALL_PROC_INST_ID_ varchar(64), 
ACT_NAME_ varchar(255), 
ACT_TYPE_ varchar(255) not null, 
ASSIGNEE_ varchar(255), 
START_TIME_ timestamp not null, 
END_TIME_ timestamp, 
TRANSACTION_ORDER_ integer, 
DURATION_ bigint, 
DELETE_REASON_ varchar(4000), 
TENANT_ID_ varchar(255) default '', 
primary key (ID_) 
)
03:26:57,763 [main] DEBUG org.flowable.engine.impl.db.ProcessDbSchemaManager  - SQL: create index ACT_IDX_EXEC_BUSKEY on ACT_RU_EXECUTION(BUSINESS_KEY_)
03:26:57,763 [main] DEBUG org.flowable.engine.impl.db.ProcessDbSchemaManager  - SQL: create index ACT_IDC_EXEC_ROOT on ACT_RU_EXECUTION(ROOT_PROC_INST_ID_)
03:26:57,763 [main] DEBUG org.flowable.engine.impl.db.ProcessDbSchemaManager  - SQL: create index ACT_IDX_EXEC_REF_ID_ on ACT_RU_EXECUTION(REFERENCE_ID_)
03:26:57,763 [main] DEBUG org.flowable.engine.impl.db.ProcessDbSchemaManager  - SQL: create index ACT_IDX_VARIABLE_TASK_ID on ACT_RU_VARIABLE(TASK_ID_)
03:26:57,763 [main] DEBUG org.flowable.engine.impl.db.ProcessDbSchemaManager  - SQL: create index ACT_IDX_ATHRZ_PROCEDEF on ACT_RU_IDENTITYLINK(PROC_DEF_ID_)
03:26:57,763 [main] DEBUG org.flowable.engine.impl.db.ProcessDbSchemaManager  - SQL: create index ACT_IDX_INFO_PROCDEF on ACT_PROCDEF_INFO(PROC_DEF_ID_)
03:26:57,763 [main] DEBUG org.flowable.engine.impl.db.ProcessDbSchemaManager  - SQL: create index ACT_IDX_RU_ACTI_START on ACT_RU_ACTINST(START_TIME_)
03:26:57,763 [main] DEBUG org.flowable.engine.impl.db.ProcessDbSchemaManager  - SQL: create index ACT_IDX_RU_ACTI_END on ACT_RU_ACTINST(END_TIME_)
03:26:57,763 [main] DEBUG org.flowable.engine.impl.db.ProcessDbSchemaManager  - SQL: create index ACT_IDX_RU_ACTI_PROC on ACT_RU_ACTINST(PROC_INST_ID_)
03:26:57,763 [main] DEBUG org.flowable.engine.impl.db.ProcessDbSchemaManager  - SQL: create index ACT_IDX_RU_ACTI_PROC_ACT on ACT_RU_ACTINST(PROC_INST_ID_, ACT_ID_)
03:26:57,763 [main] DEBUG org.flowable.engine.impl.db.ProcessDbSchemaManager  - SQL: create index ACT_IDX_RU_ACTI_EXEC on ACT_RU_ACTINST(EXECUTION_ID_)
03:26:57,763 [main] DEBUG org.flowable.engine.impl.db.ProcessDbSchemaManager  - SQL: create index ACT_IDX_RU_ACTI_EXEC_ACT on ACT_RU_ACTINST(EXECUTION_ID_, ACT_ID_)
03:26:57,763 [main] DEBUG org.flowable.engine.impl.db.ProcessDbSchemaManager  - SQL: create index ACT_IDX_RU_ACTI_TASK on ACT_RU_ACTINST(TASK_ID_)
03:26:57,763 [main] DEBUG org.flowable.engine.impl.db.ProcessDbSchemaManager  - SQL: alter table ACT_GE_BYTEARRAY 
add constraint ACT_FK_BYTEARR_DEPL 
foreign key (DEPLOYMENT_ID_) 
references ACT_RE_DEPLOYMENT
03:26:57,763 [main] DEBUG org.flowable.engine.impl.db.ProcessDbSchemaManager  - SQL: alter table ACT_RE_PROCDEF 
add constraint ACT_UNIQ_PROCDEF 
unique (KEY_,VERSION_, DERIVED_VERSION_, TENANT_ID_)
03:26:57,763 [main] DEBUG org.flowable.engine.impl.db.ProcessDbSchemaManager  - SQL: alter table ACT_RU_EXECUTION 
add constraint ACT_FK_EXE_PROCINST 
foreign key (PROC_INST_ID_) 
references ACT_RU_EXECUTION
03:26:57,763 [main] DEBUG org.flowable.engine.impl.db.ProcessDbSchemaManager  - SQL: alter table ACT_RU_EXECUTION 
add constraint ACT_FK_EXE_PARENT 
foreign key (PARENT_ID_) 
references ACT_RU_EXECUTION
03:26:57,763 [main] DEBUG org.flowable.engine.impl.db.ProcessDbSchemaManager  - SQL: alter table ACT_RU_EXECUTION 
add constraint ACT_FK_EXE_SUPER 
foreign key (SUPER_EXEC_) 
references ACT_RU_EXECUTION
03:26:57,763 [main] DEBUG org.flowable.engine.impl.db.ProcessDbSchemaManager  - SQL: alter table ACT_RU_EXECUTION 
add constraint ACT_FK_EXE_PROCDEF 
foreign key (PROC_DEF_ID_) 
references ACT_RE_PROCDEF (ID_)
03:26:57,773 [main] DEBUG org.flowable.engine.impl.db.ProcessDbSchemaManager  - SQL: alter table ACT_RU_IDENTITYLINK 
add constraint ACT_FK_TSKASS_TASK 
foreign key (TASK_ID_) 
references ACT_RU_TASK
03:26:57,773 [main] DEBUG org.flowable.engine.impl.db.ProcessDbSchemaManager  - SQL: alter table ACT_RU_IDENTITYLINK 
add constraint ACT_FK_ATHRZ_PROCEDEF 
foreign key (PROC_DEF_ID_) 
references ACT_RE_PROCDEF
03:26:57,773 [main] DEBUG org.flowable.engine.impl.db.ProcessDbSchemaManager  - SQL: alter table ACT_RU_IDENTITYLINK 
add constraint ACT_FK_IDL_PROCINST 
foreign key (PROC_INST_ID_) 
references ACT_RU_EXECUTION (ID_)
03:26:57,773 [main] DEBUG org.flowable.engine.impl.db.ProcessDbSchemaManager  - SQL: alter table ACT_RU_TASK 
add constraint ACT_FK_TASK_EXE 
foreign key (EXECUTION_ID_) 
references ACT_RU_EXECUTION
03:26:57,773 [main] DEBUG org.flowable.engine.impl.db.ProcessDbSchemaManager  - SQL: alter table ACT_RU_TASK 
add constraint ACT_FK_TASK_PROCINST 
foreign key (PROC_INST_ID_) 
references ACT_RU_EXECUTION
03:26:57,773 [main] DEBUG org.flowable.engine.impl.db.ProcessDbSchemaManager  - SQL: alter table ACT_RU_TASK 
add constraint ACT_FK_TASK_PROCDEF 
foreign key (PROC_DEF_ID_) 
references ACT_RE_PROCDEF
03:26:57,773 [main] DEBUG org.flowable.engine.impl.db.ProcessDbSchemaManager  - SQL: alter table ACT_RU_VARIABLE 
add constraint ACT_FK_VAR_EXE 
foreign key (EXECUTION_ID_) 
references ACT_RU_EXECUTION
03:26:57,773 [main] DEBUG org.flowable.engine.impl.db.ProcessDbSchemaManager  - SQL: alter table ACT_RU_VARIABLE 
add constraint ACT_FK_VAR_PROCINST 
foreign key (PROC_INST_ID_) 
references ACT_RU_EXECUTION
03:26:57,773 [main] DEBUG org.flowable.engine.impl.db.ProcessDbSchemaManager  - SQL: alter table ACT_RU_JOB 
add constraint ACT_FK_JOB_EXECUTION 
foreign key (EXECUTION_ID_) 
references ACT_RU_EXECUTION
03:26:57,773 [main] DEBUG org.flowable.engine.impl.db.ProcessDbSchemaManager  - SQL: alter table ACT_RU_JOB 
add constraint ACT_FK_JOB_PROCESS_INSTANCE 
foreign key (PROCESS_INSTANCE_ID_) 
references ACT_RU_EXECUTION
03:26:57,773 [main] DEBUG org.flowable.engine.impl.db.ProcessDbSchemaManager  - SQL: alter table ACT_RU_JOB 
add constraint ACT_FK_JOB_PROC_DEF 
foreign key (PROC_DEF_ID_) 
references ACT_RE_PROCDEF
03:26:57,773 [main] DEBUG org.flowable.engine.impl.db.ProcessDbSchemaManager  - SQL: alter table ACT_RU_TIMER_JOB 
add constraint ACT_FK_TIMER_JOB_EXECUTION 
foreign key (EXECUTION_ID_) 
references ACT_RU_EXECUTION
03:26:57,773 [main] DEBUG org.flowable.engine.impl.db.ProcessDbSchemaManager  - SQL: alter table ACT_RU_TIMER_JOB 
add constraint ACT_FK_TIMER_JOB_PROCESS_INSTANCE 
foreign key (PROCESS_INSTANCE_ID_) 
references ACT_RU_EXECUTION
03:26:57,773 [main] DEBUG org.flowable.engine.impl.db.ProcessDbSchemaManager  - SQL: alter table ACT_RU_TIMER_JOB 
add constraint ACT_FK_TIMER_JOB_PROC_DEF 
foreign key (PROC_DEF_ID_) 
references ACT_RE_PROCDEF
03:26:57,773 [main] DEBUG org.flowable.engine.impl.db.ProcessDbSchemaManager  - SQL: alter table ACT_RU_SUSPENDED_JOB 
add constraint ACT_FK_SUSPENDED_JOB_EXECUTION 
foreign key (EXECUTION_ID_) 
references ACT_RU_EXECUTION
03:26:57,783 [main] DEBUG org.flowable.engine.impl.db.ProcessDbSchemaManager  - SQL: alter table ACT_RU_SUSPENDED_JOB 
add constraint ACT_FK_SUSPENDED_JOB_PROCESS_INSTANCE 
foreign key (PROCESS_INSTANCE_ID_) 
references ACT_RU_EXECUTION
03:26:57,783 [main] DEBUG org.flowable.engine.impl.db.ProcessDbSchemaManager  - SQL: alter table ACT_RU_SUSPENDED_JOB 
add constraint ACT_FK_SUSPENDED_JOB_PROC_DEF 
foreign key (PROC_DEF_ID_) 
references ACT_RE_PROCDEF
03:26:57,783 [main] DEBUG org.flowable.engine.impl.db.ProcessDbSchemaManager  - SQL: alter table ACT_RU_DEADLETTER_JOB 
add constraint ACT_FK_DEADLETTER_JOB_EXECUTION 
foreign key (EXECUTION_ID_) 
references ACT_RU_EXECUTION
03:26:57,783 [main] DEBUG org.flowable.engine.impl.db.ProcessDbSchemaManager  - SQL: alter table ACT_RU_DEADLETTER_JOB 
add constraint ACT_FK_DEADLETTER_JOB_PROCESS_INSTANCE 
foreign key (PROCESS_INSTANCE_ID_) 
references ACT_RU_EXECUTION
03:26:57,783 [main] DEBUG org.flowable.engine.impl.db.ProcessDbSchemaManager  - SQL: alter table ACT_RU_DEADLETTER_JOB 
add constraint ACT_FK_DEADLETTER_JOB_PROC_DEF 
foreign key (PROC_DEF_ID_) 
references ACT_RE_PROCDEF
03:26:57,783 [main] DEBUG org.flowable.engine.impl.db.ProcessDbSchemaManager  - SQL: alter table ACT_RU_EVENT_SUBSCR 
add constraint ACT_FK_EVENT_EXEC 
foreign key (EXECUTION_ID_) 
references ACT_RU_EXECUTION
03:26:57,783 [main] DEBUG org.flowable.engine.impl.db.ProcessDbSchemaManager  - SQL: alter table ACT_RE_MODEL 
add constraint ACT_FK_MODEL_SOURCE 
foreign key (EDITOR_SOURCE_VALUE_ID_) 
references ACT_GE_BYTEARRAY (ID_)
03:26:57,783 [main] DEBUG org.flowable.engine.impl.db.ProcessDbSchemaManager  - SQL: alter table ACT_RE_MODEL 
add constraint ACT_FK_MODEL_SOURCE_EXTRA 
foreign key (EDITOR_SOURCE_EXTRA_VALUE_ID_) 
references ACT_GE_BYTEARRAY (ID_)
03:26:57,783 [main] DEBUG org.flowable.engine.impl.db.ProcessDbSchemaManager  - SQL: alter table ACT_RE_MODEL 
add constraint ACT_FK_MODEL_DEPLOYMENT 
foreign key (DEPLOYMENT_ID_) 
references ACT_RE_DEPLOYMENT (ID_)
03:26:57,783 [main] DEBUG org.flowable.engine.impl.db.ProcessDbSchemaManager  - SQL: alter table ACT_PROCDEF_INFO 
add constraint ACT_FK_INFO_JSON_BA 
foreign key (INFO_JSON_ID_) 
references ACT_GE_BYTEARRAY (ID_)
03:26:57,783 [main] DEBUG org.flowable.engine.impl.db.ProcessDbSchemaManager  - SQL: alter table ACT_PROCDEF_INFO 
add constraint ACT_FK_INFO_PROCDEF 
foreign key (PROC_DEF_ID_) 
references ACT_RE_PROCDEF (ID_)
03:26:57,783 [main] DEBUG org.flowable.engine.impl.db.ProcessDbSchemaManager  - SQL: alter table ACT_PROCDEF_INFO 
add constraint ACT_UNIQ_INFO_PROCDEF 
unique (PROC_DEF_ID_)
03:26:57,783 [main] DEBUG org.flowable.engine.impl.db.ProcessDbSchemaManager  - SQL: insert into ACT_GE_PROPERTY 
values ('schema.version', '6.7.0.0', 1)
03:26:57,783 [main] DEBUG org.flowable.engine.impl.db.ProcessDbSchemaManager  - SQL: insert into ACT_GE_PROPERTY 
values ('schema.history', 'create(6.7.0.0)', 1)
03:26:57,783 [main] DEBUG org.flowable.engine.impl.db.ProcessDbSchemaManager  - flowable db schema create for component engine successful
03:26:57,783 [main] INFO  org.flowable.engine.impl.db.ProcessDbSchemaManager  - performing create on history with resource org/flowable/db/create/flowable.h2.create.history.sql
03:26:57,783 [main] DEBUG org.flowable.engine.impl.db.ProcessDbSchemaManager  - SQL: create table ACT_HI_PROCINST ( 
ID_ varchar(64) not null, 
REV_ integer default 1, 
PROC_INST_ID_ varchar(64) not null, 
BUSINESS_KEY_ varchar(255), 
PROC_DEF_ID_ varchar(64) not null, 
START_TIME_ timestamp not null, 
END_TIME_ timestamp, 
DURATION_ bigint, 
START_USER_ID_ varchar(255), 
START_ACT_ID_ varchar(255), 
END_ACT_ID_ varchar(255), 
SUPER_PROCESS_INSTANCE_ID_ varchar(64), 
DELETE_REASON_ varchar(4000), 
TENANT_ID_ varchar(255) default '', 
NAME_ varchar(255), 
CALLBACK_ID_ varchar(255), 
CALLBACK_TYPE_ varchar(255), 
REFERENCE_ID_ varchar(255), 
REFERENCE_TYPE_ varchar(255), 
PROPAGATED_STAGE_INST_ID_ varchar(255), 
primary key (ID_), 
unique (PROC_INST_ID_) 
)
03:26:57,783 [main] DEBUG org.flowable.engine.impl.db.ProcessDbSchemaManager  - SQL: create table ACT_HI_ACTINST ( 
ID_ varchar(64) not null, 
REV_ integer default 1, 
PROC_DEF_ID_ varchar(64) not null, 
PROC_INST_ID_ varchar(64) not null, 
EXECUTION_ID_ varchar(64) not null, 
ACT_ID_ varchar(255) not null, 
TASK_ID_ varchar(64), 
CALL_PROC_INST_ID_ varchar(64), 
ACT_NAME_ varchar(255), 
ACT_TYPE_ varchar(255) not null, 
ASSIGNEE_ varchar(255), 
START_TIME_ timestamp not null, 
END_TIME_ timestamp, 
TRANSACTION_ORDER_ integer, 
DURATION_ bigint, 
DELETE_REASON_ varchar(4000), 
TENANT_ID_ varchar(255) default '', 
primary key (ID_) 
)
03:26:57,783 [main] DEBUG org.flowable.engine.impl.db.ProcessDbSchemaManager  - SQL: create table ACT_HI_DETAIL ( 
ID_ varchar(64) not null, 
TYPE_ varchar(255) not null, 
TIME_ timestamp not null, 
NAME_ varchar(255), 
PROC_INST_ID_ varchar(64), 
EXECUTION_ID_ varchar(64), 
TASK_ID_ varchar(64), 
ACT_INST_ID_ varchar(64), 
VAR_TYPE_ varchar(255), 
REV_ integer, 
BYTEARRAY_ID_ varchar(64), 
DOUBLE_ double, 
LONG_ bigint, 
TEXT_ varchar(4000), 
TEXT2_ varchar(4000), 
primary key (ID_) 
)
03:26:57,783 [main] DEBUG org.flowable.engine.impl.db.ProcessDbSchemaManager  - SQL: create table ACT_HI_COMMENT ( 
ID_ varchar(64) not null, 
TYPE_ varchar(255), 
TIME_ timestamp not null, 
USER_ID_ varchar(255), 
TASK_ID_ varchar(64), 
PROC_INST_ID_ varchar(64), 
ACTION_ varchar(255), 
MESSAGE_ varchar(4000), 
FULL_MSG_ longvarbinary, 
primary key (ID_) 
)
03:26:57,793 [main] DEBUG org.flowable.engine.impl.db.ProcessDbSchemaManager  - SQL: create table ACT_HI_ATTACHMENT ( 
ID_ varchar(64) not null, 
REV_ integer, 
USER_ID_ varchar(255), 
NAME_ varchar(255), 
DESCRIPTION_ varchar(4000), 
TYPE_ varchar(255), 
TASK_ID_ varchar(64), 
PROC_INST_ID_ varchar(64), 
URL_ varchar(4000), 
CONTENT_ID_ varchar(64), 
TIME_ timestamp, 
primary key (ID_) 
)
03:26:57,793 [main] DEBUG org.flowable.engine.impl.db.ProcessDbSchemaManager  - SQL: create index ACT_IDX_HI_PRO_INST_END on ACT_HI_PROCINST(END_TIME_)
03:26:57,794 [main] DEBUG org.flowable.engine.impl.db.ProcessDbSchemaManager  - SQL: create index ACT_IDX_HI_PRO_I_BUSKEY on ACT_HI_PROCINST(BUSINESS_KEY_)
03:26:57,794 [main] DEBUG org.flowable.engine.impl.db.ProcessDbSchemaManager  - SQL: create index ACT_IDX_HI_ACT_INST_START on ACT_HI_ACTINST(START_TIME_)
03:26:57,794 [main] DEBUG org.flowable.engine.impl.db.ProcessDbSchemaManager  - SQL: create index ACT_IDX_HI_ACT_INST_END on ACT_HI_ACTINST(END_TIME_)
03:26:57,794 [main] DEBUG org.flowable.engine.impl.db.ProcessDbSchemaManager  - SQL: create index ACT_IDX_HI_DETAIL_PROC_INST on ACT_HI_DETAIL(PROC_INST_ID_)
03:26:57,794 [main] DEBUG org.flowable.engine.impl.db.ProcessDbSchemaManager  - SQL: create index ACT_IDX_HI_DETAIL_ACT_INST on ACT_HI_DETAIL(ACT_INST_ID_)
03:26:57,795 [main] DEBUG org.flowable.engine.impl.db.ProcessDbSchemaManager  - SQL: create index ACT_IDX_HI_DETAIL_TIME on ACT_HI_DETAIL(TIME_)
03:26:57,795 [main] DEBUG org.flowable.engine.impl.db.ProcessDbSchemaManager  - SQL: create index ACT_IDX_HI_DETAIL_NAME on ACT_HI_DETAIL(NAME_)
03:26:57,796 [main] DEBUG org.flowable.engine.impl.db.ProcessDbSchemaManager  - SQL: create index ACT_IDX_HI_DETAIL_TASK_ID on ACT_HI_DETAIL(TASK_ID_)
03:26:57,796 [main] DEBUG org.flowable.engine.impl.db.ProcessDbSchemaManager  - SQL: create index ACT_IDX_HI_PROCVAR_PROC_INST on ACT_HI_VARINST(PROC_INST_ID_)
03:26:57,796 [main] DEBUG org.flowable.engine.impl.db.ProcessDbSchemaManager  - SQL: create index ACT_IDX_HI_PROCVAR_TASK_ID on ACT_HI_VARINST(TASK_ID_)
03:26:57,796 [main] DEBUG org.flowable.engine.impl.db.ProcessDbSchemaManager  - SQL: create index ACT_IDX_HI_PROCVAR_EXE on ACT_HI_VARINST(EXECUTION_ID_)
03:26:57,796 [main] DEBUG org.flowable.engine.impl.db.ProcessDbSchemaManager  - SQL: create index ACT_IDX_HI_ACT_INST_PROCINST on ACT_HI_ACTINST(PROC_INST_ID_, ACT_ID_)
03:26:57,796 [main] DEBUG org.flowable.engine.impl.db.ProcessDbSchemaManager  - SQL: create index ACT_IDX_HI_IDENT_LNK_TASK on ACT_HI_IDENTITYLINK(TASK_ID_)
03:26:57,796 [main] DEBUG org.flowable.engine.impl.db.ProcessDbSchemaManager  - SQL: create index ACT_IDX_HI_IDENT_LNK_PROCINST on ACT_HI_IDENTITYLINK(PROC_INST_ID_)
03:26:57,796 [main] DEBUG org.flowable.engine.impl.db.ProcessDbSchemaManager  - SQL: create index ACT_IDX_HI_ACT_INST_EXEC on ACT_HI_ACTINST(EXECUTION_ID_, ACT_ID_)
03:26:57,796 [main] DEBUG org.flowable.engine.impl.db.ProcessDbSchemaManager  - SQL: create index ACT_IDX_HI_TASK_INST_PROCINST on ACT_HI_TASKINST(PROC_INST_ID_)
03:26:57,796 [main] DEBUG org.flowable.engine.impl.db.ProcessDbSchemaManager  - flowable db schema create for component history successful
03:26:57,796 [main] DEBUG org.flowable.common.engine.impl.db.DbSqlSession  - Flushing dbSqlSession
03:26:57,796 [main] DEBUG org.flowable.common.engine.impl.db.DbSqlSession  - flush summary: 0 insert, 0 update, 0 delete.
03:26:57,796 [main] DEBUG org.flowable.common.engine.impl.db.DbSqlSession  - now executing flush...
03:26:57,796 [main] DEBUG org.flowable.common.engine.impl.cfg.standalone.StandaloneMybatisTransactionContext  - firing event committing...
03:26:57,796 [main] DEBUG org.flowable.common.engine.impl.cfg.standalone.StandaloneMybatisTransactionContext  - committing the ibatis sql session...
03:26:57,796 [main] DEBUG org.flowable.common.engine.impl.cfg.standalone.StandaloneMybatisTransactionContext  - firing event committed...
03:26:57,796 [main] DEBUG org.apache.ibatis.transaction.jdbc.JdbcTransaction  - Resetting autocommit to true on JDBC Connection [conn0: url=jdbc:h2:mem:flowable user=SA]
03:26:57,796 [main] DEBUG org.apache.ibatis.transaction.jdbc.JdbcTransaction  - Closing JDBC Connection [conn0: url=jdbc:h2:mem:flowable user=SA]
03:26:57,796 [main] DEBUG org.apache.ibatis.datasource.pooled.PooledDataSource  - Returned connection 1493042329 to pool.
03:26:57,796 [main] DEBUG org.flowable.common.engine.impl.interceptor.LogInterceptor  - --- SchemaOperationsProcessEngineBuild finished --------------------------------------------------------
03:26:57,796 [main] INFO  org.flowable.engine.impl.ProcessEngineImpl  - ProcessEngine default created
03:26:57,805 [main] DEBUG org.flowable.common.engine.impl.interceptor.LogInterceptor  - --- starting ValidateV5EntitiesCmd --------------------------------------------------------
03:26:57,805 [main] DEBUG org.apache.ibatis.transaction.jdbc.JdbcTransaction  - Opening JDBC Connection
03:26:57,805 [main] DEBUG org.apache.ibatis.datasource.pooled.PooledDataSource  - Checked out connection 1493042329 from pool.
03:26:57,805 [main] DEBUG org.apache.ibatis.transaction.jdbc.JdbcTransaction  - Setting autocommit to false on JDBC Connection [conn0: url=jdbc:h2:mem:flowable user=SA]
03:26:57,805 [main] DEBUG org.flowable.common.engine.impl.agenda.AbstractAgenda  - Operation class org.flowable.engine.impl.interceptor.CommandInvoker$1 added to agenda
03:26:57,805 [main] DEBUG org.flowable.engine.impl.interceptor.CommandInvoker  - Executing operation class org.flowable.engine.impl.interceptor.CommandInvoker$1
03:26:57,805 [main] DEBUG org.flowable.common.engine.impl.interceptor.LogInterceptor  - --- starting DeploymentQueryImpl --------------------------------------------------------
03:26:57,805 [main] DEBUG org.flowable.common.engine.impl.interceptor.CommandContextInterceptor  - Valid context found. Reusing it for the current command 'org.flowable.engine.impl.DeploymentQueryImpl'
03:26:57,805 [main] DEBUG org.flowable.common.engine.impl.agenda.AbstractAgenda  - Operation class org.flowable.engine.impl.interceptor.CommandInvoker$1 added to agenda
03:26:57,805 [main] DEBUG org.flowable.engine.impl.interceptor.CommandInvoker  - Executing operation class org.flowable.engine.impl.interceptor.CommandInvoker$1
03:26:57,805 [main] DEBUG org.flowable.engine.impl.persistence.entity.DeploymentEntityImpl.selectDeploymentCountByQueryCriteria  - ==>  Preparing: select count(RES.ID_) from ACT_RE_DEPLOYMENT RES WHERE RES.ENGINE_VERSION_ = ?
03:26:57,805 [main] DEBUG org.flowable.engine.impl.persistence.entity.DeploymentEntityImpl.selectDeploymentCountByQueryCriteria  - ==> Parameters: v5(String)
03:26:57,805 [main] DEBUG org.flowable.engine.impl.persistence.entity.DeploymentEntityImpl.selectDeploymentCountByQueryCriteria  - <==      Total: 1
03:26:57,805 [main] DEBUG org.flowable.common.engine.impl.interceptor.LogInterceptor  - --- DeploymentQueryImpl finished --------------------------------------------------------
03:26:57,805 [main] INFO  org.flowable.engine.impl.cmd.ValidateV5EntitiesCmd  - Total of v5 deployments found: 0
03:26:57,805 [main] DEBUG org.flowable.common.engine.impl.db.DbSqlSession  - Flushing dbSqlSession
03:26:57,805 [main] DEBUG org.flowable.common.engine.impl.db.DbSqlSession  - flush summary: 0 insert, 0 update, 0 delete.
03:26:57,805 [main] DEBUG org.flowable.common.engine.impl.db.DbSqlSession  - now executing flush...
03:26:57,805 [main] DEBUG org.flowable.common.engine.impl.cfg.standalone.StandaloneMybatisTransactionContext  - firing event committing...
03:26:57,805 [main] DEBUG org.flowable.common.engine.impl.cfg.standalone.StandaloneMybatisTransactionContext  - committing the ibatis sql session...
03:26:57,805 [main] DEBUG org.flowable.common.engine.impl.cfg.standalone.StandaloneMybatisTransactionContext  - firing event committed...
03:26:57,805 [main] DEBUG org.apache.ibatis.transaction.jdbc.JdbcTransaction  - Resetting autocommit to true on JDBC Connection [conn0: url=jdbc:h2:mem:flowable user=SA]
03:26:57,805 [main] DEBUG org.apache.ibatis.transaction.jdbc.JdbcTransaction  - Closing JDBC Connection [conn0: url=jdbc:h2:mem:flowable user=SA]
03:26:57,805 [main] DEBUG org.apache.ibatis.datasource.pooled.PooledDataSource  - Returned connection 1493042329 to pool.
03:26:57,805 [main] DEBUG org.flowable.common.engine.impl.interceptor.LogInterceptor  - --- ValidateV5EntitiesCmd finished --------------------------------------------------------
03:26:57,805 [main] DEBUG org.flowable.common.engine.impl.interceptor.LogInterceptor  - --- starting ValidateExecutionRelatedEntityCountCfgCmd --------------------------------------------------------
03:26:57,805 [main] DEBUG org.apache.ibatis.transaction.jdbc.JdbcTransaction  - Opening JDBC Connection
03:26:57,805 [main] DEBUG org.apache.ibatis.datasource.pooled.PooledDataSource  - Checked out connection 1493042329 from pool.
03:26:57,805 [main] DEBUG org.apache.ibatis.transaction.jdbc.JdbcTransaction  - Setting autocommit to false on JDBC Connection [conn0: url=jdbc:h2:mem:flowable user=SA]
03:26:57,805 [main] DEBUG org.flowable.common.engine.impl.agenda.AbstractAgenda  - Operation class org.flowable.engine.impl.interceptor.CommandInvoker$1 added to agenda
03:26:57,805 [main] DEBUG org.flowable.engine.impl.interceptor.CommandInvoker  - Executing operation class org.flowable.engine.impl.interceptor.CommandInvoker$1
03:26:57,805 [main] DEBUG org.flowable.common.engine.impl.persistence.entity.PropertyEntityImpl.selectProperty  - ==>  Preparing: select * from ACT_GE_PROPERTY where NAME_ = ?
03:26:57,805 [main] DEBUG org.flowable.common.engine.impl.persistence.entity.PropertyEntityImpl.selectProperty  - ==> Parameters: cfg.execution-related-entities-count(String)
03:26:57,813 [main] DEBUG org.flowable.common.engine.impl.persistence.entity.PropertyEntityImpl.selectProperty  - <==      Total: 0
03:26:57,813 [main] DEBUG org.flowable.common.engine.impl.db.DbSqlSession  - Flushing dbSqlSession
03:26:57,813 [main] DEBUG org.flowable.common.engine.impl.db.DbSqlSession  - insert PropertyEntity[name=cfg.execution-related-entities-count, value=true]
03:26:57,813 [main] DEBUG org.flowable.common.engine.impl.db.DbSqlSession  - flush summary: 1 insert, 0 update, 0 delete.
03:26:57,813 [main] DEBUG org.flowable.common.engine.impl.db.DbSqlSession  - now executing flush...
03:26:57,813 [main] DEBUG org.flowable.common.engine.impl.db.DbSqlSession  - inserting: PropertyEntity[name=cfg.execution-related-entities-count, value=true]
03:26:57,813 [main] DEBUG org.flowable.common.engine.impl.persistence.entity.PropertyEntityImpl.insertProperty  - ==>  Preparing: insert into ACT_GE_PROPERTY ( NAME_, VALUE_, REV_ ) values ( ?, ?, 1 )
03:26:57,813 [main] DEBUG org.flowable.common.engine.impl.persistence.entity.PropertyEntityImpl.insertProperty  - ==> Parameters: cfg.execution-related-entities-count(String), true(String)
03:26:57,813 [main] DEBUG org.flowable.common.engine.impl.persistence.entity.PropertyEntityImpl.insertProperty  - <==    Updates: 1
03:26:57,813 [main] DEBUG org.flowable.common.engine.impl.cfg.standalone.StandaloneMybatisTransactionContext  - firing event committing...
03:26:57,813 [main] DEBUG org.flowable.common.engine.impl.cfg.standalone.StandaloneMybatisTransactionContext  - committing the ibatis sql session...
03:26:57,813 [main] DEBUG org.apache.ibatis.transaction.jdbc.JdbcTransaction  - Committing JDBC Connection [conn0: url=jdbc:h2:mem:flowable user=SA]
03:26:57,813 [main] DEBUG org.flowable.common.engine.impl.cfg.standalone.StandaloneMybatisTransactionContext  - firing event committed...
03:26:57,813 [main] DEBUG org.apache.ibatis.transaction.jdbc.JdbcTransaction  - Resetting autocommit to true on JDBC Connection [conn0: url=jdbc:h2:mem:flowable user=SA]
03:26:57,813 [main] DEBUG org.apache.ibatis.transaction.jdbc.JdbcTransaction  - Closing JDBC Connection [conn0: url=jdbc:h2:mem:flowable user=SA]
03:26:57,815 [main] DEBUG org.apache.ibatis.datasource.pooled.PooledDataSource  - Returned connection 1493042329 to pool.
03:26:57,815 [main] DEBUG org.flowable.common.engine.impl.interceptor.LogInterceptor  - --- ValidateExecutionRelatedEntityCountCfgCmd finished --------------------------------------------------------
03:26:57,815 [main] DEBUG org.flowable.common.engine.impl.interceptor.LogInterceptor  - --- starting ValidateTaskRelatedEntityCountCfgCmd --------------------------------------------------------
03:26:57,816 [main] DEBUG org.apache.ibatis.transaction.jdbc.JdbcTransaction  - Opening JDBC Connection
03:26:57,816 [main] DEBUG org.apache.ibatis.datasource.pooled.PooledDataSource  - Checked out connection 1493042329 from pool.
03:26:57,816 [main] DEBUG org.apache.ibatis.transaction.jdbc.JdbcTransaction  - Setting autocommit to false on JDBC Connection [conn0: url=jdbc:h2:mem:flowable user=SA]
03:26:57,816 [main] DEBUG org.flowable.common.engine.impl.agenda.AbstractAgenda  - Operation class org.flowable.engine.impl.interceptor.CommandInvoker$1 added to agenda
03:26:57,816 [main] DEBUG org.flowable.engine.impl.interceptor.CommandInvoker  - Executing operation class org.flowable.engine.impl.interceptor.CommandInvoker$1
03:26:57,816 [main] DEBUG org.flowable.common.engine.impl.persistence.entity.PropertyEntityImpl.selectProperty  - ==>  Preparing: select * from ACT_GE_PROPERTY where NAME_ = ?
03:26:57,816 [main] DEBUG org.flowable.common.engine.impl.persistence.entity.PropertyEntityImpl.selectProperty  - ==> Parameters: cfg.task-related-entities-count(String)
03:26:57,816 [main] DEBUG org.flowable.common.engine.impl.persistence.entity.PropertyEntityImpl.selectProperty  - <==      Total: 0
03:26:57,816 [main] DEBUG org.flowable.common.engine.impl.db.DbSqlSession  - Flushing dbSqlSession
03:26:57,816 [main] DEBUG org.flowable.common.engine.impl.db.DbSqlSession  - insert PropertyEntity[name=cfg.task-related-entities-count, value=true]
03:26:57,816 [main] DEBUG org.flowable.common.engine.impl.db.DbSqlSession  - flush summary: 1 insert, 0 update, 0 delete.
03:26:57,816 [main] DEBUG org.flowable.common.engine.impl.db.DbSqlSession  - now executing flush...
03:26:57,816 [main] DEBUG org.flowable.common.engine.impl.db.DbSqlSession  - inserting: PropertyEntity[name=cfg.task-related-entities-count, value=true]
03:26:57,816 [main] DEBUG org.flowable.common.engine.impl.persistence.entity.PropertyEntityImpl.insertProperty  - ==>  Preparing: insert into ACT_GE_PROPERTY ( NAME_, VALUE_, REV_ ) values ( ?, ?, 1 )
03:26:57,816 [main] DEBUG org.flowable.common.engine.impl.persistence.entity.PropertyEntityImpl.insertProperty  - ==> Parameters: cfg.task-related-entities-count(String), true(String)
03:26:57,816 [main] DEBUG org.flowable.common.engine.impl.persistence.entity.PropertyEntityImpl.insertProperty  - <==    Updates: 1
03:26:57,816 [main] DEBUG org.flowable.common.engine.impl.cfg.standalone.StandaloneMybatisTransactionContext  - firing event committing...
03:26:57,816 [main] DEBUG org.flowable.common.engine.impl.cfg.standalone.StandaloneMybatisTransactionContext  - committing the ibatis sql session...
03:26:57,816 [main] DEBUG org.apache.ibatis.transaction.jdbc.JdbcTransaction  - Committing JDBC Connection [conn0: url=jdbc:h2:mem:flowable user=SA]
03:26:57,816 [main] DEBUG org.flowable.common.engine.impl.cfg.standalone.StandaloneMybatisTransactionContext  - firing event committed...
03:26:57,816 [main] DEBUG org.apache.ibatis.transaction.jdbc.JdbcTransaction  - Resetting autocommit to true on JDBC Connection [conn0: url=jdbc:h2:mem:flowable user=SA]
03:26:57,816 [main] DEBUG org.apache.ibatis.transaction.jdbc.JdbcTransaction  - Closing JDBC Connection [conn0: url=jdbc:h2:mem:flowable user=SA]
03:26:57,816 [main] DEBUG org.apache.ibatis.datasource.pooled.PooledDataSource  - Returned connection 1493042329 to pool.
03:26:57,816 [main] DEBUG org.flowable.common.engine.impl.interceptor.LogInterceptor  - --- ValidateTaskRelatedEntityCountCfgCmd finished --------------------------------------------------------